Log file open, 11/11/21 23:56:42
LogWindows: Failed to load 'aqProf.dll' (GetLastError=126)
LogWindows: File 'aqProf.dll' does not exist
LogWindows: Failed to load 'VtuneApi.dll' (GetLastError=126)
LogWindows: File 'VtuneApi.dll' does not exist
LogWindows: Failed to load 'VtuneApi32e.dll' (GetLastError=126)
LogWindows: File 'VtuneApi32e.dll' does not exist
LogConsoleResponse: Display: Failed to find resolution value strings in scalability ini. Falling back to default.
LogConsoleResponse: Display: Failed to find resolution value strings in scalability ini. Falling back to default.
LogInit: Display: Running engine for game: EXPVR
LogPlatformFile: Not using cached read wrapper
LogTaskGraph: Started task graph with 5 named threads and 11 total threads with 3 sets of task threads.
LogStats: Stats thread started at 1.118866
LogICUInternationalization: ICU TimeZone Detection - Raw Offset: +1:00, Platform Override: ''
LogInit: Display: Loading text-based GConfig....
LogPluginManager: Mounting plugin MegascansPlugin
LogPluginManager: Mounting plugin MeshPainting
LogPluginManager: Mounting plugin XGEController
LogPluginManager: Mounting plugin Paper2D
LogPluginManager: Mounting plugin AISupport
LogPluginManager: Mounting plugin EnvironmentQueryEditor
LogPluginManager: Mounting plugin LiveLink
LogPluginManager: Mounting plugin LightPropagationVolume
LogPluginManager: Mounting plugin CameraShakePreviewer
LogPluginManager: Mounting plugin GameplayCameras
LogPluginManager: Mounting plugin OodleNetwork
LogPluginManager: Mounting plugin OodleData
LogPluginManager: Mounting plugin AssetManagerEditor
LogPluginManager: Mounting plugin BlueprintMaterialTextureNodes
LogPluginManager: Mounting plugin CryptoKeys
LogPluginManager: Mounting plugin DataValidation
LogPluginManager: Mounting plugin CurveEditorTools
LogPluginManager: Mounting plugin EditorScriptingUtilities
LogPluginManager: Mounting plugin GameplayTagsEditor
LogPluginManager: Mounting plugin FacialAnimation
LogPluginManager: Mounting plugin GeometryMode
LogPluginManager: Mounting plugin MacGraphicsSwitching
LogPluginManager: Mounting plugin MaterialAnalyzer
LogPluginManager: Mounting plugin PluginBrowser
LogPluginManager: Mounting plugin MobileLauncherProfileWizard
LogPluginManager: Mounting plugin SpeedTreeImporter
LogPluginManager: Mounting plugin AnimationSharing
LogPluginManager: Mounting plugin CodeLiteSourceCodeAccess
LogPluginManager: Mounting plugin CLionSourceCodeAccess
LogPluginManager: Mounting plugin GitSourceControl
LogPluginManager: Mounting plugin KDevelopSourceCodeAccess
LogPluginManager: Mounting plugin NullSourceCodeAccess
LogPluginManager: Mounting plugin PerforceSourceControl
LogPluginManager: Mounting plugin PlasticSourceControl
LogPluginManager: Mounting plugin PixWinPlugin
LogPluginManager: Mounting plugin PluginUtils
LogPluginManager: Mounting plugin PropertyAccessNode
LogPluginManager: Mounting plugin RiderSourceCodeAccess
LogPluginManager: Mounting plugin DatasmithContent
LogPluginManager: Mounting plugin TextureFormatOodle
LogPluginManager: Mounting plugin SubversionSourceControl
LogPluginManager: Mounting plugin UObjectPlugin
LogPluginManager: Mounting plugin VariantManagerContent
LogPluginManager: Mounting plugin VisualStudioCodeSourceCodeAccess
LogPluginManager: Mounting plugin XCodeSourceCodeAccess
LogPluginManager: Mounting plugin VisualStudioSourceCodeAccess
LogPluginManager: Mounting plugin AlembicImporter
LogPluginManager: Mounting plugin AutomationUtils
LogPluginManager: Mounting plugin BackChannel
LogPluginManager: Mounting plugin ChaosCloth
LogPluginManager: Mounting plugin ChaosEditor
LogPluginManager: Mounting plugin ChaosClothEditor
LogPluginManager: Mounting plugin ChaosNiagara
LogPluginManager: Mounting plugin ChaosSolverPlugin
LogPluginManager: Mounting plugin CharacterAI
LogPluginManager: Mounting plugin GeometryCache
LogPluginManager: Mounting plugin GeometryProcessing
LogPluginManager: Mounting plugin GeometryCollectionPlugin
LogPluginManager: Mounting plugin Landmass
LogPluginManager: Mounting plugin MotoSynth
LogPluginManager: Mounting plugin OpenImageDenoise
LogPluginManager: Mounting plugin PlanarCut
LogPluginManager: Mounting plugin PythonScriptPlugin
LogPluginManager: Mounting plugin PlatformCrypto
LogPluginManager: Mounting plugin ProxyLODPlugin
LogPluginManager: Mounting plugin ShallowWater
LogPluginManager: Mounting plugin SkeletalReduction
LogPluginManager: Mounting plugin Water
LogPluginManager: Mounting plugin Niagara
LogPluginManager: Mounting plugin AndroidMedia
LogPluginManager: Mounting plugin LuminPlatformFeatures
LogPluginManager: Mounting plugin MagicLeap
LogPluginManager: Mounting plugin AvfMedia
LogPluginManager: Mounting plugin MagicLeapLightEstimation
LogPluginManager: Mounting plugin MagicLeapMedia
LogPluginManager: Mounting plugin ImgMedia
LogPluginManager: Mounting plugin MagicLeapPassableWorld
LogPluginManager: Mounting plugin MediaCompositing
LogPluginManager: Mounting plugin MediaPlayerEditor
LogPluginManager: Mounting plugin MLSDK
LogPluginManager: Mounting plugin WebMMedia
LogPluginManager: Mounting plugin WmfMedia
LogPluginManager: Mounting plugin TcpMessaging
LogPluginManager: Mounting plugin ActorSequence
LogPluginManager: Mounting plugin UdpMessaging
LogPluginManager: Mounting plugin MatineeToLevelSequence
LogPluginManager: Mounting plugin LevelSequenceEditor
LogPluginManager: Mounting plugin TemplateSequence
LogPluginManager: Mounting plugin OnlineSubsystem
LogPluginManager: Mounting plugin OnlineSubsystemNull
LogPluginManager: Mounting plugin OnlineSubsystemUtils
LogPluginManager: Mounting plugin LauncherChunkInstaller
LogPluginManager: Mounting plugin ActorLayerUtilities
LogPluginManager: Mounting plugin AndroidMoviePlayer
LogPluginManager: Mounting plugin AndroidDeviceProfileSelector
LogPluginManager: Mounting plugin AndroidPermission
LogPluginManager: Mounting plugin AppleImageUtils
LogPluginManager: Mounting plugin ArchVisCharacter
LogPluginManager: Mounting plugin AppleMoviePlayer
LogPluginManager: Mounting plugin AssetTags
LogPluginManager: Mounting plugin AudioCapture
LogPluginManager: Mounting plugin AudioSynesthesia
LogPluginManager: Mounting plugin CustomMeshComponent
LogPluginManager: Mounting plugin ChunkDownloader
LogPluginManager: Mounting plugin CableComponent
LogPluginManager: Mounting plugin EditableMesh
LogPluginManager: Mounting plugin ExampleDeviceProfileSelector
LogPluginManager: Mounting plugin GoogleCloudMessaging
LogPluginManager: Mounting plugin GooglePAD
LogPluginManager: Mounting plugin IOSDeviceProfileSelector
LogPluginManager: Mounting plugin LinuxDeviceProfileSelector
LogPluginManager: Mounting plugin LocationServicesBPLibrary
LogPluginManager: Mounting plugin MobilePatchingUtils
LogPluginManager: Mounting plugin OpenXR
LogPluginManager: Mounting plugin OpenXRHandTracking
LogPluginManager: Mounting plugin OpenXREyeTracker
LogPluginManager: Mounting plugin PhysXVehicles
LogPluginManager: Mounting plugin PostSplashScreen
LogPluginManager: Mounting plugin ProceduralMeshComponent
LogPluginManager: Mounting plugin PropertyAccessEditor
LogPluginManager: Mounting plugin RuntimePhysXCooking
LogPluginManager: Mounting plugin SignificanceManager
LogPluginManager: Mounting plugin SoundFields
LogPluginManager: Mounting plugin Synthesis
LogPluginManager: Mounting plugin WebMMoviePlayer
LogPluginManager: Mounting plugin WindowsMoviePlayer
LogPluginManager: Mounting plugin ScreenshotTools
LogPluginManager: Mounting plugin Takes
LogPluginManager: Mounting plugin ContentBrowserAssetDataSource
LogPluginManager: Mounting plugin ContentBrowserClassDataSource
LogPluginManager: Mounting plugin ContentBrowserFileDataSource
LogPluginManager: Mounting plugin OnlineSubsystemGooglePlay
LogPluginManager: Mounting plugin OnlineSubsystemIOS
LogPluginManager: Mounting plugin DatabaseSupport
LogPluginManager: Mounting plugin SQLiteCore
LogPluginManager: Mounting plugin SQLiteSupport
LogPluginManager: Mounting plugin OculusVR
LogPluginManager: Mounting plugin SteamVR
PixWinPlugin: PIX capture plugin failed to initialize! Check that the process is launched from PIX.
LogInit: Using libcurl 7.55.1-DEV
LogInit:  - built for x86_64-pc-win32
LogInit:  - supports SSL with OpenSSL/1.1.1
LogInit:  - supports HTTP deflate (compression) using libz 1.2.8
LogInit:  - other features:
LogInit:      CURL_VERSION_SSL
LogInit:      CURL_VERSION_LIBZ
LogInit:      CURL_VERSION_IPV6
LogInit:      CURL_VERSION_ASYNCHDNS
LogInit:      CURL_VERSION_LARGEFILE
LogInit:      CURL_VERSION_IDN
LogInit:  CurlRequestOptions (configurable via config and command line):
LogInit:  - bVerifyPeer = true  - Libcurl will verify peer certificate
LogInit:  - bUseHttpProxy = false  - Libcurl will NOT use HTTP proxy
LogInit:  - bDontReuseConnections = false  - Libcurl will reuse connections
LogInit:  - MaxHostConnections = 16  - Libcurl will limit the number of connections to a host
LogInit:  - LocalHostAddr = Default
LogInit:  - BufferSize = 65536
LogOnline: OSS: Creating online subsystem instance for: NULL
LogInit: WinSock: version 1.1 (2.2), MaxSocks=32767, MaxUdp=65467
LogOnline: OSS: TryLoadSubsystemAndSetDefault: Loaded subsystem for module [NULL]
LogOculusPluginWrapper: OculusPlugin initialized successfully
LogHMD: Failed initializing OVRPlugin 1.59.0
LogInit: Build: ++UE4+Release-4.27-CL-17735300
LogInit: Engine Version: 4.27.1-17735300+++UE4+Release-4.27
LogInit: Compatible Engine Version: 4.27.0-17155196+++UE4+Release-4.27
LogInit: Net CL: 17155196
LogInit: OS: Windows 10 (Release 2009) (), CPU: Intel(R) Core(TM) i7-7500U CPU @ 2.70GHz, GPU: Intel(R) HD Graphics 620
LogInit: Compiled (64-bit): Oct  6 2021 14:42:51
LogInit: Compiled with Visual C++: 19.24.28315.00
LogInit: Build Configuration: Development
LogInit: Branch Name: ++UE4+Release-4.27
LogInit: Command Line: 
LogInit: Base Directory: D:/Installed Softwares/UE_4.27/Engine/Binaries/Win64/
LogInit: Allocator: TBB
LogInit: Installed Engine Build: 1
LogDevObjectVersion: Number of dev versions registered: 29
LogDevObjectVersion:   Dev-Blueprints (B0D832E4-1F89-4F0D-ACCF-7EB736FD4AA2): 10
LogDevObjectVersion:   Dev-Build (E1C64328-A22C-4D53-A36C-8E866417BD8C): 0
LogDevObjectVersion:   Dev-Core (375EC13C-06E4-48FB-B500-84F0262A717E): 4
LogDevObjectVersion:   Dev-Editor (E4B068ED-F494-42E9-A231-DA0B2E46BB41): 40
LogDevObjectVersion:   Dev-Framework (CFFC743F-43B0-4480-9391-14DF171D2073): 37
LogDevObjectVersion:   Dev-Mobile (B02B49B5-BB20-44E9-A304-32B752E40360): 3
LogDevObjectVersion:   Dev-Networking (A4E4105C-59A1-49B5-A7C5-40C4547EDFEE): 0
LogDevObjectVersion:   Dev-Online (39C831C9-5AE6-47DC-9A44-9C173E1C8E7C): 0
LogDevObjectVersion:   Dev-Physics (78F01B33-EBEA-4F98-B9B4-84EACCB95AA2): 14
LogDevObjectVersion:   Dev-Platform (6631380F-2D4D-43E0-8009-CF276956A95A): 0
LogDevObjectVersion:   Dev-Rendering (12F88B9F-8875-4AFC-A67C-D90C383ABD29): 45
LogDevObjectVersion:   Dev-Sequencer (7B5AE74C-D270-4C10-A958-57980B212A5A): 13
LogDevObjectVersion:   Dev-VR (D7296918-1DD6-4BDD-9DE2-64A83CC13884): 3
LogDevObjectVersion:   Dev-LoadTimes (C2A15278-BFE7-4AFE-6C17-90FF531DF755): 1
LogDevObjectVersion:   Private-Geometry (6EACA3D4-40EC-4CC1-B786-8BED09428FC5): 3
LogDevObjectVersion:   Dev-AnimPhys (29E575DD-E0A3-4627-9D10-D276232CDCEA): 17
LogDevObjectVersion:   Dev-Anim (AF43A65D-7FD3-4947-9873-3E8ED9C1BB05): 15
LogDevObjectVersion:   Dev-ReflectionCapture (6B266CEC-1EC7-4B8F-A30B-E4D90942FC07): 1
LogDevObjectVersion:   Dev-Automation (0DF73D61-A23F-47EA-B727-89E90C41499A): 1
LogDevObjectVersion:   FortniteMain (601D1886-AC64-4F84-AA16-D3DE0DEAC7D6): 47
LogDevObjectVersion:   FortniteRelease (E7086368-6B23-4C58-8439-1B7016265E91): 1
LogDevObjectVersion:   Dev-Enterprise (9DFFBCD6-494F-0158-E221-12823C92A888): 10
LogDevObjectVersion:   Dev-Niagara (F2AED0AC-9AFE-416F-8664-AA7FFA26D6FC): 1
LogDevObjectVersion:   Dev-Destruction (174F1F0B-B4C6-45A5-B13F-2EE8D0FB917D): 10
LogDevObjectVersion:   Dev-Physics-Ext (35F94A83-E258-406C-A318-09F59610247C): 41
LogDevObjectVersion:   Dev-PhysicsMaterial-Chaos (B68FC16E-8B1B-42E2-B453-215C058844FE): 1
LogDevObjectVersion:   Dev-CineCamera (B2E18506-4273-CFC2-A54E-F4BB758BBA07): 1
LogDevObjectVersion:   Dev-VirtualProduction (64F58936-FD1B-42BA-BA96-7289D5D0FA4E): 1
LogDevObjectVersion:   Dev-MediaFramework (6F0ED827-A609-4895-9C91-998D90180EA4): 2
LogInit: Presizing for max 25165824 objects, including 0 objects not considered by GC, pre-allocating 0 bytes for permanent pool.
LogConfig: Applying CVar settings from Section [/Script/Engine.StreamingSettings] File [D:/DAT-Project/EXPVR/Saved/Config/Windows/Engine.ini]
LogConfig: Setting CVar [[s.MinBulkDataSizeForAsyncLoading:131072]]
LogConfig: Setting CVar [[s.AsyncLoadingThreadEnabled:0]]
LogConfig: Setting CVar [[s.EventDrivenLoaderEnabled:1]]
LogConfig: Setting CVar [[s.WarnIfTimeLimitExceeded:0]]
LogConfig: Setting CVar [[s.TimeLimitExceededMultiplier:1.5]]
LogConfig: Setting CVar [[s.TimeLimitExceededMinTime:0.005]]
LogConfig: Setting CVar [[s.UseBackgroundLevelStreaming:1]]
LogConfig: Setting CVar [[s.PriorityAsyncLoadingExtraTime:15.0]]
LogConfig: Setting CVar [[s.LevelStreamingActorsUpdateTimeLimit:5.0]]
LogConfig: Setting CVar [[s.PriorityLevelStreamingActorsUpdateExtraTime:5.0]]
LogConfig: Setting CVar [[s.LevelStreamingComponentsRegistrationGranularity:10]]
LogConfig: Setting CVar [[s.UnregisterComponentsTimeLimit:1.0]]
LogConfig: Setting CVar [[s.LevelStreamingComponentsUnregistrationGranularity:5]]
LogConfig: Setting CVar [[s.FlushStreamingOnExit:1]]
LogInit: Object subsystem initialized
LogConfig: Setting CVar [[con.DebugEarlyDefault:1]]
LogConfig: Setting CVar [[r.setres:1280x720]]
LogConfig: Setting CVar [[fx.NiagaraAllowRuntimeScalabilityChanges:1]]
[2021.11.11-22.56.43:190][  0]LogConfig: Setting CVar [[r.VSync:0]]
[2021.11.11-22.56.43:190][  0]LogConfig: Setting CVar [[r.RHICmdBypass:0]]
[2021.11.11-22.56.43:190][  0]LogConfig: Applying CVar settings from Section [/Script/Engine.RendererSettings] File [D:/DAT-Project/EXPVR/Saved/Config/Windows/Engine.ini]
[2021.11.11-22.56.43:190][  0]LogConfig: Setting CVar [[r.GPUCrashDebugging:0]]
[2021.11.11-22.56.43:190][  0]LogConfig: Applying CVar settings from Section [/Script/Engine.RendererOverrideSettings] File [D:/DAT-Project/EXPVR/Saved/Config/Windows/Engine.ini]
[2021.11.11-22.56.43:190][  0]LogConfig: Applying CVar settings from Section [/Script/Engine.StreamingSettings] File [D:/DAT-Project/EXPVR/Saved/Config/Windows/Engine.ini]
[2021.11.11-22.56.43:190][  0]LogConfig: Setting CVar [[s.MinBulkDataSizeForAsyncLoading:131072]]
[2021.11.11-22.56.43:190][  0]LogConfig: Setting CVar [[s.AsyncLoadingThreadEnabled:0]]
[2021.11.11-22.56.43:190][  0]LogConfig: Setting CVar [[s.EventDrivenLoaderEnabled:1]]
[2021.11.11-22.56.43:190][  0]LogConfig: Setting CVar [[s.WarnIfTimeLimitExceeded:0]]
[2021.11.11-22.56.43:190][  0]LogConfig: Setting CVar [[s.TimeLimitExceededMultiplier:1.5]]
[2021.11.11-22.56.43:190][  0]LogConfig: Setting CVar [[s.TimeLimitExceededMinTime:0.005]]
[2021.11.11-22.56.43:190][  0]LogConfig: Setting CVar [[s.UseBackgroundLevelStreaming:1]]
[2021.11.11-22.56.43:190][  0]LogConfig: Setting CVar [[s.PriorityAsyncLoadingExtraTime:15.0]]
[2021.11.11-22.56.43:190][  0]LogConfig: Setting CVar [[s.LevelStreamingActorsUpdateTimeLimit:5.0]]
[2021.11.11-22.56.43:190][  0]LogConfig: Setting CVar [[s.PriorityLevelStreamingActorsUpdateExtraTime:5.0]]
[2021.11.11-22.56.43:190][  0]LogConfig: Setting CVar [[s.LevelStreamingComponentsRegistrationGranularity:10]]
[2021.11.11-22.56.43:190][  0]LogConfig: Setting CVar [[s.UnregisterComponentsTimeLimit:1.0]]
[2021.11.11-22.56.43:190][  0]LogConfig: Setting CVar [[s.LevelStreamingComponentsUnregistrationGranularity:5]]
[2021.11.11-22.56.43:190][  0]LogConfig: Setting CVar [[s.FlushStreamingOnExit:1]]
[2021.11.11-22.56.43:190][  0]LogConfig: Applying CVar settings from Section [/Script/Engine.GarbageCollectionSettings] File [D:/DAT-Project/EXPVR/Saved/Config/Windows/Engine.ini]
[2021.11.11-22.56.43:190][  0]LogConfig: Setting CVar [[gc.MaxObjectsNotConsideredByGC:1]]
[2021.11.11-22.56.43:190][  0]LogConfig: Setting CVar [[gc.SizeOfPermanentObjectPool:0]]
[2021.11.11-22.56.43:190][  0]LogConfig: Setting CVar [[gc.FlushStreamingOnGC:0]]
[2021.11.11-22.56.43:190][  0]LogConfig: Setting CVar [[gc.NumRetriesBeforeForcingGC:10]]
[2021.11.11-22.56.43:190][  0]LogConfig: Setting CVar [[gc.AllowParallelGC:1]]
[2021.11.11-22.56.43:190][  0]LogConfig: Setting CVar [[gc.TimeBetweenPurgingPendingKillObjects:61.1]]
[2021.11.11-22.56.43:190][  0]LogConfig: Setting CVar [[gc.MaxObjectsInEditor:25165824]]
[2021.11.11-22.56.43:190][  0]LogConfig: Setting CVar [[gc.IncrementalBeginDestroyEnabled:1]]
[2021.11.11-22.56.43:190][  0]LogConfig: Setting CVar [[gc.CreateGCClusters:1]]
[2021.11.11-22.56.43:190][  0]LogConfig: Setting CVar [[gc.MinGCClusterSize:5]]
[2021.11.11-22.56.43:190][  0]LogConfig: Setting CVar [[gc.ActorClusteringEnabled:0]]
[2021.11.11-22.56.43:190][  0]LogConfig: Setting CVar [[gc.BlueprintClusteringEnabled:0]]
[2021.11.11-22.56.43:190][  0]LogConfig: Setting CVar [[gc.UseDisregardForGCOnDedicatedServers:0]]
[2021.11.11-22.56.43:190][  0]LogConfig: Setting CVar [[gc.MultithreadedDestructionEnabled:1]]
[2021.11.11-22.56.43:190][  0]LogConfig: Applying CVar settings from Section [/Script/Engine.NetworkSettings] File [D:/DAT-Project/EXPVR/Saved/Config/Windows/Engine.ini]
[2021.11.11-22.56.43:191][  0]LogConfig: Applying CVar settings from Section [/Script/UnrealEd.CookerSettings] File [D:/DAT-Project/EXPVR/Saved/Config/Windows/Engine.ini]
[2021.11.11-22.56.43:205][  0]LogConfig: Applying CVar settings from Section [ViewDistanceQuality@3] File [D:/DAT-Project/EXPVR/Saved/Config/Windows/Scalability.ini]
[2021.11.11-22.56.43:205][  0]LogConfig: Setting CVar [[r.SkeletalMeshLODBias:0]]
[2021.11.11-22.56.43:205][  0]LogConfig: Setting CVar [[r.ViewDistanceScale:1.0]]
[2021.11.11-22.56.43:205][  0]LogConfig: Applying CVar settings from Section [AntiAliasingQuality@3] File [D:/DAT-Project/EXPVR/Saved/Config/Windows/Scalability.ini]
[2021.11.11-22.56.43:205][  0]LogConfig: Setting CVar [[r.PostProcessAAQuality:4]]
[2021.11.11-22.56.43:205][  0]LogConfig: Applying CVar settings from Section [ShadowQuality@3] File [D:/DAT-Project/EXPVR/Saved/Config/Windows/Scalability.ini]
[2021.11.11-22.56.43:205][  0]LogConfig: Setting CVar [[r.LightFunctionQuality:1]]
[2021.11.11-22.56.43:205][  0]LogConfig: Setting CVar [[r.ShadowQuality:5]]
[2021.11.11-22.56.43:205][  0]LogConfig: Setting CVar [[r.Shadow.CSM.MaxCascades:10]]
[2021.11.11-22.56.43:205][  0]LogConfig: Setting CVar [[r.Shadow.MaxResolution:2048]]
[2021.11.11-22.56.43:205][  0]LogConfig: Setting CVar [[r.Shadow.MaxCSMResolution:2048]]
[2021.11.11-22.56.43:205][  0]LogConfig: Setting CVar [[r.Shadow.RadiusThreshold:0.01]]
[2021.11.11-22.56.43:205][  0]LogConfig: Setting CVar [[r.Shadow.DistanceScale:1.0]]
[2021.11.11-22.56.43:205][  0]LogConfig: Setting CVar [[r.Shadow.CSM.TransitionScale:1.0]]
[2021.11.11-22.56.43:205][  0]LogConfig: Setting CVar [[r.Shadow.PreShadowResolutionFactor:1.0]]
[2021.11.11-22.56.43:205][  0]LogConfig: Setting CVar [[r.DistanceFieldShadowing:1]]
[2021.11.11-22.56.43:205][  0]LogConfig: Setting CVar [[r.DistanceFieldAO:1]]
[2021.11.11-22.56.43:205][  0]LogConfig: Setting CVar [[r.AOQuality:2]]
[2021.11.11-22.56.43:205][  0]LogConfig: Setting CVar [[r.VolumetricFog:1]]
[2021.11.11-22.56.43:205][  0]LogConfig: Setting CVar [[r.VolumetricFog.GridPixelSize:8]]
[2021.11.11-22.56.43:205][  0]LogConfig: Setting CVar [[r.VolumetricFog.GridSizeZ:128]]
[2021.11.11-22.56.43:205][  0]LogConfig: Setting CVar [[r.VolumetricFog.HistoryMissSupersampleCount:4]]
[2021.11.11-22.56.43:205][  0]LogConfig: Setting CVar [[r.LightMaxDrawDistanceScale:1]]
[2021.11.11-22.56.43:205][  0]LogConfig: Setting CVar [[r.CapsuleShadows:1]]
[2021.11.11-22.56.43:205][  0]LogConfig: Applying CVar settings from Section [PostProcessQuality@3] File [D:/DAT-Project/EXPVR/Saved/Config/Windows/Scalability.ini]
[2021.11.11-22.56.43:205][  0]LogConfig: Setting CVar [[r.MotionBlurQuality:4]]
[2021.11.11-22.56.43:205][  0]LogConfig: Setting CVar [[r.AmbientOcclusionMipLevelFactor:0.4]]
[2021.11.11-22.56.43:205][  0]LogConfig: Setting CVar [[r.AmbientOcclusionMaxQuality:100]]
[2021.11.11-22.56.43:205][  0]LogConfig: Setting CVar [[r.AmbientOcclusionLevels:-1]]
[2021.11.11-22.56.43:205][  0]LogConfig: Setting CVar [[r.AmbientOcclusionRadiusScale:1.0]]
[2021.11.11-22.56.43:205][  0]LogConfig: Setting CVar [[r.DepthOfFieldQuality:2]]
[2021.11.11-22.56.43:205][  0]LogConfig: Setting CVar [[r.RenderTargetPoolMin:400]]
[2021.11.11-22.56.43:205][  0]LogConfig: Setting CVar [[r.LensFlareQuality:2]]
[2021.11.11-22.56.43:205][  0]LogConfig: Setting CVar [[r.SceneColorFringeQuality:1]]
[2021.11.11-22.56.43:205][  0]LogConfig: Setting CVar [[r.EyeAdaptationQuality:2]]
[2021.11.11-22.56.43:205][  0]LogConfig: Setting CVar [[r.BloomQuality:5]]
[2021.11.11-22.56.43:205][  0]LogConfig: Setting CVar [[r.FastBlurThreshold:100]]
[2021.11.11-22.56.43:205][  0]LogConfig: Setting CVar [[r.Upscale.Quality:3]]
[2021.11.11-22.56.43:205][  0]LogConfig: Setting CVar [[r.Tonemapper.GrainQuantization:1]]
[2021.11.11-22.56.43:205][  0]LogConfig: Setting CVar [[r.LightShaftQuality:1]]
[2021.11.11-22.56.43:205][  0]LogConfig: Setting CVar [[r.Filter.SizeScale:1]]
[2021.11.11-22.56.43:205][  0]LogConfig: Setting CVar [[r.Tonemapper.Quality:5]]
[2021.11.11-22.56.43:205][  0]LogConfig: Setting CVar [[r.DOF.Gather.AccumulatorQuality:1        ; higher gathering accumulator quality]]
[2021.11.11-22.56.43:205][  0]LogConfig: Setting CVar [[r.DOF.Gather.PostfilterMethod:1          ; Median3x3 postfilering method]]
[2021.11.11-22.56.43:205][  0]LogConfig: Setting CVar [[r.DOF.Gather.EnableBokehSettings:0       ; no bokeh simulation when gathering]]
[2021.11.11-22.56.43:205][  0]LogConfig: Setting CVar [[r.DOF.Gather.RingCount:4                 ; medium number of samples when gathering]]
[2021.11.11-22.56.43:205][  0]LogConfig: Setting CVar [[r.DOF.Scatter.ForegroundCompositing:1    ; additive foreground scattering]]
[2021.11.11-22.56.43:205][  0]LogConfig: Setting CVar [[r.DOF.Scatter.BackgroundCompositing:2    ; additive background scattering]]
[2021.11.11-22.56.43:205][  0]LogConfig: Setting CVar [[r.DOF.Scatter.EnableBokehSettings:1      ; bokeh simulation when scattering]]
[2021.11.11-22.56.43:205][  0]LogConfig: Setting CVar [[r.DOF.Scatter.MaxSpriteRatio:0.1         ; only a maximum of 10% of scattered bokeh]]
[2021.11.11-22.56.43:205][  0]LogConfig: Setting CVar [[r.DOF.Recombine.Quality:1                ; cheap slight out of focus]]
[2021.11.11-22.56.43:205][  0]LogConfig: Setting CVar [[r.DOF.Recombine.EnableBokehSettings:0    ; no bokeh simulation on slight out of focus]]
[2021.11.11-22.56.43:205][  0]LogConfig: Setting CVar [[r.DOF.TemporalAAQuality:1                ; more stable temporal accumulation]]
[2021.11.11-22.56.43:205][  0]LogConfig: Setting CVar [[r.DOF.Kernel.MaxForegroundRadius:0.025]]
[2021.11.11-22.56.43:205][  0]LogConfig: Setting CVar [[r.DOF.Kernel.MaxBackgroundRadius:0.025]]
[2021.11.11-22.56.43:205][  0]LogConfig: Applying CVar settings from Section [TextureQuality@3] File [D:/DAT-Project/EXPVR/Saved/Config/Windows/Scalability.ini]
[2021.11.11-22.56.43:205][  0]LogConfig: Setting CVar [[r.Streaming.MipBias:0]]
[2021.11.11-22.56.43:205][  0]LogConfig: Setting CVar [[r.Streaming.AmortizeCPUToGPUCopy:0]]
[2021.11.11-22.56.43:205][  0]LogConfig: Setting CVar [[r.Streaming.MaxNumTexturesToStreamPerFrame:0]]
[2021.11.11-22.56.43:205][  0]LogConfig: Setting CVar [[r.Streaming.Boost:1]]
[2021.11.11-22.56.43:205][  0]LogConfig: Setting CVar [[r.MaxAnisotropy:8]]
[2021.11.11-22.56.43:205][  0]LogConfig: Setting CVar [[r.VT.MaxAnisotropy:8]]
[2021.11.11-22.56.43:205][  0]LogConfig: Setting CVar [[r.Streaming.LimitPoolSizeToVRAM:0]]
[2021.11.11-22.56.43:205][  0]LogConfig: Setting CVar [[r.Streaming.PoolSize:1000]]
[2021.11.11-22.56.43:205][  0]LogConfig: Setting CVar [[r.Streaming.MaxEffectiveScreenSize:0]]
[2021.11.11-22.56.43:205][  0]LogConfig: Applying CVar settings from Section [EffectsQuality@3] File [D:/DAT-Project/EXPVR/Saved/Config/Windows/Scalability.ini]
[2021.11.11-22.56.43:206][  0]LogConfig: Setting CVar [[r.TranslucencyLightingVolumeDim:64]]
[2021.11.11-22.56.43:206][  0]LogConfig: Setting CVar [[r.RefractionQuality:2]]
[2021.11.11-22.56.43:206][  0]LogConfig: Setting CVar [[r.SSR.Quality:3]]
[2021.11.11-22.56.43:206][  0]LogConfig: Setting CVar [[r.SSR.HalfResSceneColor:0]]
[2021.11.11-22.56.43:206][  0]LogConfig: Setting CVar [[r.SceneColorFormat:4]]
[2021.11.11-22.56.43:206][  0]LogConfig: Setting CVar [[r.DetailMode:2]]
[2021.11.11-22.56.43:206][  0]LogConfig: Setting CVar [[r.TranslucencyVolumeBlur:1]]
[2021.11.11-22.56.43:206][  0]LogConfig: Setting CVar [[r.MaterialQualityLevel:1 ; High quality]]
[2021.11.11-22.56.43:206][  0]LogConfig: Setting CVar [[r.AnisotropicMaterials:1]]
[2021.11.11-22.56.43:206][  0]LogConfig: Setting CVar [[r.SSS.Scale:1]]
[2021.11.11-22.56.43:206][  0]LogConfig: Setting CVar [[r.SSS.SampleSet:2]]
[2021.11.11-22.56.43:206][  0]LogConfig: Setting CVar [[r.SSS.Quality:1]]
[2021.11.11-22.56.43:206][  0]LogConfig: Setting CVar [[r.SSS.HalfRes:0]]
[2021.11.11-22.56.43:206][  0]LogConfig: Setting CVar [[r.SSGI.Quality:3]]
[2021.11.11-22.56.43:206][  0]LogConfig: Setting CVar [[r.EmitterSpawnRateScale:1.0]]
[2021.11.11-22.56.43:206][  0]LogConfig: Setting CVar [[r.ParticleLightQuality:2]]
[2021.11.11-22.56.43:206][  0]LogConfig: Setting CVar [[r.SkyAtmosphere.AerialPerspectiveLUT.FastApplyOnOpaque:1 ; Always have FastSkyLUT 1 in this case to avoid wrong sky]]
[2021.11.11-22.56.43:206][  0]LogConfig: Setting CVar [[r.SkyAtmosphere.AerialPerspectiveLUT.SampleCountMaxPerSlice:4]]
[2021.11.11-22.56.43:206][  0]LogConfig: Setting CVar [[r.SkyAtmosphere.AerialPerspectiveLUT.DepthResolution:16.0]]
[2021.11.11-22.56.43:206][  0]LogConfig: Setting CVar [[r.SkyAtmosphere.FastSkyLUT:1]]
[2021.11.11-22.56.43:206][  0]LogConfig: Setting CVar [[r.SkyAtmosphere.FastSkyLUT.SampleCountMin:4.0]]
[2021.11.11-22.56.43:206][  0]LogConfig: Setting CVar [[r.SkyAtmosphere.FastSkyLUT.SampleCountMax:128.0]]
[2021.11.11-22.56.43:206][  0]LogConfig: Setting CVar [[r.SkyAtmosphere.SampleCountMin:4.0]]
[2021.11.11-22.56.43:206][  0]LogConfig: Setting CVar [[r.SkyAtmosphere.SampleCountMax:128.0]]
[2021.11.11-22.56.43:206][  0]LogConfig: Setting CVar [[r.SkyAtmosphere.TransmittanceLUT.UseSmallFormat:0]]
[2021.11.11-22.56.43:206][  0]LogConfig: Setting CVar [[r.SkyAtmosphere.TransmittanceLUT.SampleCount:10.0]]
[2021.11.11-22.56.43:206][  0]LogConfig: Setting CVar [[r.SkyAtmosphere.MultiScatteringLUT.SampleCount:15.0]]
[2021.11.11-22.56.43:206][  0]LogConfig: Setting CVar [[r.SkyLight.RealTimeReflectionCapture:1]]
[2021.11.11-22.56.43:206][  0]LogConfig: Setting CVar [[fx.Niagara.QualityLevel:3]]
[2021.11.11-22.56.43:206][  0]LogConfig: Applying CVar settings from Section [FoliageQuality@3] File [D:/DAT-Project/EXPVR/Saved/Config/Windows/Scalability.ini]
[2021.11.11-22.56.43:206][  0]LogConfig: Setting CVar [[foliage.DensityScale:1.0]]
[2021.11.11-22.56.43:206][  0]LogConfig: Setting CVar [[grass.DensityScale:1.0]]
[2021.11.11-22.56.43:206][  0]LogConfig: Applying CVar settings from Section [ShadingQuality@3] File [D:/DAT-Project/EXPVR/Saved/Config/Windows/Scalability.ini]
[2021.11.11-22.56.43:206][  0]LogConfig: Setting CVar [[r.HairStrands.SkyLighting.IntegrationType:2]]
[2021.11.11-22.56.43:206][  0]LogConfig: Setting CVar [[r.HairStrands.SkyAO.SampleCount:4]]
[2021.11.11-22.56.43:206][  0]LogConfig: Setting CVar [[r.HairStrands.Visibility.MSAA.SamplePerPixel:4]]
[2021.11.11-22.56.43:206][  0]LogInit: Selected Device Profile: [Windows]
[2021.11.11-22.56.43:206][  0]LogInit: Applying CVar settings loaded from the selected device profile: [Windows]
[2021.11.11-22.56.43:206][  0]LogHAL: Display: Platform has ~ 12 GB [12780277760 / 17179869184 / 12], which maps to Larger [LargestMinGB=32, LargerMinGB=12, DefaultMinGB=8, SmallerMinGB=6, SmallestMinGB=0)
[2021.11.11-22.56.43:206][  0]LogInit: Going up to parent DeviceProfile []
[2021.11.11-22.56.43:206][  0]LogConfig: Applying CVar settings from Section [ViewDistanceQuality@3] File [D:/DAT-Project/EXPVR/Saved/Config/Windows/Scalability.ini]
[2021.11.11-22.56.43:206][  0]LogConfig: Setting CVar [[r.SkeletalMeshLODBias:0]]
[2021.11.11-22.56.43:206][  0]LogConfig: Setting CVar [[r.ViewDistanceScale:1.0]]
[2021.11.11-22.56.43:206][  0]LogConfig: Applying CVar settings from Section [AntiAliasingQuality@3] File [D:/DAT-Project/EXPVR/Saved/Config/Windows/Scalability.ini]
[2021.11.11-22.56.43:206][  0]LogConfig: Setting CVar [[r.PostProcessAAQuality:4]]
[2021.11.11-22.56.43:206][  0]LogConfig: Applying CVar settings from Section [ShadowQuality@3] File [D:/DAT-Project/EXPVR/Saved/Config/Windows/Scalability.ini]
[2021.11.11-22.56.43:206][  0]LogConfig: Setting CVar [[r.LightFunctionQuality:1]]
[2021.11.11-22.56.43:206][  0]LogConfig: Setting CVar [[r.ShadowQuality:5]]
[2021.11.11-22.56.43:206][  0]LogConfig: Setting CVar [[r.Shadow.CSM.MaxCascades:10]]
[2021.11.11-22.56.43:206][  0]LogConfig: Setting CVar [[r.Shadow.MaxResolution:2048]]
[2021.11.11-22.56.43:206][  0]LogConfig: Setting CVar [[r.Shadow.MaxCSMResolution:2048]]
[2021.11.11-22.56.43:206][  0]LogConfig: Setting CVar [[r.Shadow.RadiusThreshold:0.01]]
[2021.11.11-22.56.43:206][  0]LogConfig: Setting CVar [[r.Shadow.DistanceScale:1.0]]
[2021.11.11-22.56.43:206][  0]LogConfig: Setting CVar [[r.Shadow.CSM.TransitionScale:1.0]]
[2021.11.11-22.56.43:206][  0]LogConfig: Setting CVar [[r.Shadow.PreShadowResolutionFactor:1.0]]
[2021.11.11-22.56.43:206][  0]LogConfig: Setting CVar [[r.DistanceFieldShadowing:1]]
[2021.11.11-22.56.43:206][  0]LogConfig: Setting CVar [[r.DistanceFieldAO:1]]
[2021.11.11-22.56.43:206][  0]LogConfig: Setting CVar [[r.AOQuality:2]]
[2021.11.11-22.56.43:206][  0]LogConfig: Setting CVar [[r.VolumetricFog:1]]
[2021.11.11-22.56.43:206][  0]LogConfig: Setting CVar [[r.VolumetricFog.GridPixelSize:8]]
[2021.11.11-22.56.43:206][  0]LogConfig: Setting CVar [[r.VolumetricFog.GridSizeZ:128]]
[2021.11.11-22.56.43:206][  0]LogConfig: Setting CVar [[r.VolumetricFog.HistoryMissSupersampleCount:4]]
[2021.11.11-22.56.43:206][  0]LogConfig: Setting CVar [[r.LightMaxDrawDistanceScale:1]]
[2021.11.11-22.56.43:206][  0]LogConfig: Setting CVar [[r.CapsuleShadows:1]]
[2021.11.11-22.56.43:206][  0]LogConfig: Applying CVar settings from Section [PostProcessQuality@3] File [D:/DAT-Project/EXPVR/Saved/Config/Windows/Scalability.ini]
[2021.11.11-22.56.43:206][  0]LogConfig: Setting CVar [[r.MotionBlurQuality:4]]
[2021.11.11-22.56.43:206][  0]LogConfig: Setting CVar [[r.AmbientOcclusionMipLevelFactor:0.4]]
[2021.11.11-22.56.43:206][  0]LogConfig: Setting CVar [[r.AmbientOcclusionMaxQuality:100]]
[2021.11.11-22.56.43:206][  0]LogConfig: Setting CVar [[r.AmbientOcclusionLevels:-1]]
[2021.11.11-22.56.43:207][  0]LogConfig: Setting CVar [[r.AmbientOcclusionRadiusScale:1.0]]
[2021.11.11-22.56.43:207][  0]LogConfig: Setting CVar [[r.DepthOfFieldQuality:2]]
[2021.11.11-22.56.43:207][  0]LogConfig: Setting CVar [[r.RenderTargetPoolMin:400]]
[2021.11.11-22.56.43:207][  0]LogConfig: Setting CVar [[r.LensFlareQuality:2]]
[2021.11.11-22.56.43:207][  0]LogConfig: Setting CVar [[r.SceneColorFringeQuality:1]]
[2021.11.11-22.56.43:207][  0]LogConfig: Setting CVar [[r.EyeAdaptationQuality:2]]
[2021.11.11-22.56.43:207][  0]LogConfig: Setting CVar [[r.BloomQuality:5]]
[2021.11.11-22.56.43:207][  0]LogConfig: Setting CVar [[r.FastBlurThreshold:100]]
[2021.11.11-22.56.43:207][  0]LogConfig: Setting CVar [[r.Upscale.Quality:3]]
[2021.11.11-22.56.43:207][  0]LogConfig: Setting CVar [[r.Tonemapper.GrainQuantization:1]]
[2021.11.11-22.56.43:207][  0]LogConfig: Setting CVar [[r.LightShaftQuality:1]]
[2021.11.11-22.56.43:207][  0]LogConfig: Setting CVar [[r.Filter.SizeScale:1]]
[2021.11.11-22.56.43:207][  0]LogConfig: Setting CVar [[r.Tonemapper.Quality:5]]
[2021.11.11-22.56.43:207][  0]LogConfig: Setting CVar [[r.DOF.Gather.AccumulatorQuality:1        ; higher gathering accumulator quality]]
[2021.11.11-22.56.43:207][  0]LogConfig: Setting CVar [[r.DOF.Gather.PostfilterMethod:1          ; Median3x3 postfilering method]]
[2021.11.11-22.56.43:207][  0]LogConfig: Setting CVar [[r.DOF.Gather.EnableBokehSettings:0       ; no bokeh simulation when gathering]]
[2021.11.11-22.56.43:207][  0]LogConfig: Setting CVar [[r.DOF.Gather.RingCount:4                 ; medium number of samples when gathering]]
[2021.11.11-22.56.43:207][  0]LogConfig: Setting CVar [[r.DOF.Scatter.ForegroundCompositing:1    ; additive foreground scattering]]
[2021.11.11-22.56.43:207][  0]LogConfig: Setting CVar [[r.DOF.Scatter.BackgroundCompositing:2    ; additive background scattering]]
[2021.11.11-22.56.43:207][  0]LogConfig: Setting CVar [[r.DOF.Scatter.EnableBokehSettings:1      ; bokeh simulation when scattering]]
[2021.11.11-22.56.43:207][  0]LogConfig: Setting CVar [[r.DOF.Scatter.MaxSpriteRatio:0.1         ; only a maximum of 10% of scattered bokeh]]
[2021.11.11-22.56.43:207][  0]LogConfig: Setting CVar [[r.DOF.Recombine.Quality:1                ; cheap slight out of focus]]
[2021.11.11-22.56.43:207][  0]LogConfig: Setting CVar [[r.DOF.Recombine.EnableBokehSettings:0    ; no bokeh simulation on slight out of focus]]
[2021.11.11-22.56.43:207][  0]LogConfig: Setting CVar [[r.DOF.TemporalAAQuality:1                ; more stable temporal accumulation]]
[2021.11.11-22.56.43:207][  0]LogConfig: Setting CVar [[r.DOF.Kernel.MaxForegroundRadius:0.025]]
[2021.11.11-22.56.43:207][  0]LogConfig: Setting CVar [[r.DOF.Kernel.MaxBackgroundRadius:0.025]]
[2021.11.11-22.56.43:207][  0]LogConfig: Applying CVar settings from Section [TextureQuality@3] File [D:/DAT-Project/EXPVR/Saved/Config/Windows/Scalability.ini]
[2021.11.11-22.56.43:207][  0]LogConfig: Setting CVar [[r.Streaming.MipBias:0]]
[2021.11.11-22.56.43:207][  0]LogConfig: Setting CVar [[r.Streaming.AmortizeCPUToGPUCopy:0]]
[2021.11.11-22.56.43:207][  0]LogConfig: Setting CVar [[r.Streaming.MaxNumTexturesToStreamPerFrame:0]]
[2021.11.11-22.56.43:207][  0]LogConfig: Setting CVar [[r.Streaming.Boost:1]]
[2021.11.11-22.56.43:207][  0]LogConfig: Setting CVar [[r.MaxAnisotropy:8]]
[2021.11.11-22.56.43:207][  0]LogConfig: Setting CVar [[r.VT.MaxAnisotropy:8]]
[2021.11.11-22.56.43:207][  0]LogConfig: Setting CVar [[r.Streaming.LimitPoolSizeToVRAM:0]]
[2021.11.11-22.56.43:207][  0]LogConfig: Setting CVar [[r.Streaming.PoolSize:1000]]
[2021.11.11-22.56.43:207][  0]LogConfig: Setting CVar [[r.Streaming.MaxEffectiveScreenSize:0]]
[2021.11.11-22.56.43:207][  0]LogConfig: Applying CVar settings from Section [EffectsQuality@3] File [D:/DAT-Project/EXPVR/Saved/Config/Windows/Scalability.ini]
[2021.11.11-22.56.43:207][  0]LogConfig: Setting CVar [[r.TranslucencyLightingVolumeDim:64]]
[2021.11.11-22.56.43:207][  0]LogConfig: Setting CVar [[r.RefractionQuality:2]]
[2021.11.11-22.56.43:207][  0]LogConfig: Setting CVar [[r.SSR.Quality:3]]
[2021.11.11-22.56.43:207][  0]LogConfig: Setting CVar [[r.SSR.HalfResSceneColor:0]]
[2021.11.11-22.56.43:207][  0]LogConfig: Setting CVar [[r.SceneColorFormat:4]]
[2021.11.11-22.56.43:207][  0]LogConfig: Setting CVar [[r.DetailMode:2]]
[2021.11.11-22.56.43:207][  0]LogConfig: Setting CVar [[r.TranslucencyVolumeBlur:1]]
[2021.11.11-22.56.43:207][  0]LogConfig: Setting CVar [[r.MaterialQualityLevel:1 ; High quality]]
[2021.11.11-22.56.43:207][  0]LogConfig: Setting CVar [[r.AnisotropicMaterials:1]]
[2021.11.11-22.56.43:207][  0]LogConfig: Setting CVar [[r.SSS.Scale:1]]
[2021.11.11-22.56.43:207][  0]LogConfig: Setting CVar [[r.SSS.SampleSet:2]]
[2021.11.11-22.56.43:207][  0]LogConfig: Setting CVar [[r.SSS.Quality:1]]
[2021.11.11-22.56.43:207][  0]LogConfig: Setting CVar [[r.SSS.HalfRes:0]]
[2021.11.11-22.56.43:207][  0]LogConfig: Setting CVar [[r.SSGI.Quality:3]]
[2021.11.11-22.56.43:207][  0]LogConfig: Setting CVar [[r.EmitterSpawnRateScale:1.0]]
[2021.11.11-22.56.43:207][  0]LogConfig: Setting CVar [[r.ParticleLightQuality:2]]
[2021.11.11-22.56.43:207][  0]LogConfig: Setting CVar [[r.SkyAtmosphere.AerialPerspectiveLUT.FastApplyOnOpaque:1 ; Always have FastSkyLUT 1 in this case to avoid wrong sky]]
[2021.11.11-22.56.43:207][  0]LogConfig: Setting CVar [[r.SkyAtmosphere.AerialPerspectiveLUT.SampleCountMaxPerSlice:4]]
[2021.11.11-22.56.43:207][  0]LogConfig: Setting CVar [[r.SkyAtmosphere.AerialPerspectiveLUT.DepthResolution:16.0]]
[2021.11.11-22.56.43:207][  0]LogConfig: Setting CVar [[r.SkyAtmosphere.FastSkyLUT:1]]
[2021.11.11-22.56.43:207][  0]LogConfig: Setting CVar [[r.SkyAtmosphere.FastSkyLUT.SampleCountMin:4.0]]
[2021.11.11-22.56.43:207][  0]LogConfig: Setting CVar [[r.SkyAtmosphere.FastSkyLUT.SampleCountMax:128.0]]
[2021.11.11-22.56.43:207][  0]LogConfig: Setting CVar [[r.SkyAtmosphere.SampleCountMin:4.0]]
[2021.11.11-22.56.43:207][  0]LogConfig: Setting CVar [[r.SkyAtmosphere.SampleCountMax:128.0]]
[2021.11.11-22.56.43:207][  0]LogConfig: Setting CVar [[r.SkyAtmosphere.TransmittanceLUT.UseSmallFormat:0]]
[2021.11.11-22.56.43:207][  0]LogConfig: Setting CVar [[r.SkyAtmosphere.TransmittanceLUT.SampleCount:10.0]]
[2021.11.11-22.56.43:207][  0]LogConfig: Setting CVar [[r.SkyAtmosphere.MultiScatteringLUT.SampleCount:15.0]]
[2021.11.11-22.56.43:207][  0]LogConfig: Setting CVar [[r.SkyLight.RealTimeReflectionCapture:1]]
[2021.11.11-22.56.43:207][  0]LogConfig: Setting CVar [[fx.Niagara.QualityLevel:3]]
[2021.11.11-22.56.43:207][  0]LogConfig: Applying CVar settings from Section [FoliageQuality@3] File [D:/DAT-Project/EXPVR/Saved/Config/Windows/Scalability.ini]
[2021.11.11-22.56.43:207][  0]LogConfig: Setting CVar [[foliage.DensityScale:1.0]]
[2021.11.11-22.56.43:207][  0]LogConfig: Setting CVar [[grass.DensityScale:1.0]]
[2021.11.11-22.56.43:207][  0]LogConfig: Applying CVar settings from Section [ShadingQuality@3] File [D:/DAT-Project/EXPVR/Saved/Config/Windows/Scalability.ini]
[2021.11.11-22.56.43:207][  0]LogConfig: Setting CVar [[r.HairStrands.SkyLighting.IntegrationType:2]]
[2021.11.11-22.56.43:207][  0]LogConfig: Setting CVar [[r.HairStrands.SkyAO.SampleCount:4]]
[2021.11.11-22.56.43:207][  0]LogConfig: Setting CVar [[r.HairStrands.Visibility.MSAA.SamplePerPixel:4]]
[2021.11.11-22.56.43:207][  0]LogConfig: Applying CVar settings from Section [Startup] File [../../../Engine/Config/ConsoleVariables.ini]
[2021.11.11-22.56.43:208][  0]LogConfig: Setting CVar [[net.UseAdaptiveNetUpdateFrequency:0]]
[2021.11.11-22.56.43:208][  0]LogConfig: Setting CVar [[p.chaos.AllowCreatePhysxBodies:1]]
[2021.11.11-22.56.43:208][  0]LogConfig: Setting CVar [[fx.SkipVectorVMBackendOptimizations:1]]
[2021.11.11-22.56.43:208][  0]LogConfig: Applying CVar settings from Section [ConsoleVariables] File [D:/DAT-Project/EXPVR/Saved/Config/Windows/Engine.ini]
[2021.11.11-22.56.43:208][  0]LogConfig: Applying CVar settings from Section [ConsoleVariables] File [D:/DAT-Project/EXPVR/Saved/Config/Windows/Editor.ini]
[2021.11.11-22.56.43:208][  0]LogInit: Computer: PERKK
[2021.11.11-22.56.43:208][  0]LogInit: User: perkk
[2021.11.11-22.56.43:208][  0]LogInit: CPU Page size=4096, Cores=2
[2021.11.11-22.56.43:208][  0]LogInit: High frequency timer resolution =10.000000 MHz
[2021.11.11-22.56.43:208][  0]LogMemory: Memory total: Physical=11.9GB (12GB approx)
[2021.11.11-22.56.43:208][  0]LogMemory: Platform Memory Stats for Windows
[2021.11.11-22.56.43:208][  0]LogMemory: Process Physical Memory: 146.99 MB used, 146.99 MB peak
[2021.11.11-22.56.43:208][  0]LogMemory: Process Virtual Memory: 125.71 MB used, 125.71 MB peak
[2021.11.11-22.56.43:208][  0]LogMemory: Physical Memory: 6884.87 MB used,  5303.35 MB free, 12188.22 MB total
[2021.11.11-22.56.43:208][  0]LogMemory: Virtual Memory: 134211456.00 MB used,  6270.92 MB free, 134217728.00 MB total
[2021.11.11-22.56.43:213][  0]LogWindows: WindowsPlatformFeatures enabled
[2021.11.11-22.56.43:239][  0]LogInit: Physics initialised using underlying interface: PhysX
[2021.11.11-22.56.43:240][  0]LogInit: Using OS detected language (en-US).
[2021.11.11-22.56.43:240][  0]LogInit: Using OS detected locale (en-US).
[2021.11.11-22.56.43:242][  0]LogTextLocalizationManager: No specific localization for 'en-US' exists, so the 'en' localization will be used.
[2021.11.11-22.56.43:454][  0]LogInit: Setting process to per monitor DPI aware
[2021.11.11-22.56.43:469][  0]LogWindowsTextInputMethodSystem: Display: IME system deactivated.
[2021.11.11-22.56.43:487][  0]LogSlate: New Slate User Created.  User Index 0, Is Virtual User: 0
[2021.11.11-22.56.43:487][  0]LogSlate: Slate User Registered.  User Index 0, Is Virtual User: 0
[2021.11.11-22.56.43:657][  0]LogD3D11RHI: Loaded GFSDK_Aftermath_Lib.x64.dll
[2021.11.11-22.56.43:780][  0]LogHMD: Failed to initialize OpenVR with code 110
[2021.11.11-22.56.43:780][  0]LogD3D11RHI: D3D11 min allowed feature level: 11_0
[2021.11.11-22.56.43:780][  0]LogD3D11RHI: D3D11 max allowed feature level: 11_0
[2021.11.11-22.56.43:780][  0]LogD3D11RHI: D3D11 adapters:
[2021.11.11-22.56.43:910][  0]LogD3D11RHI:    0. 'NVIDIA GeForce 940MX' (Feature Level 11_0)
[2021.11.11-22.56.43:910][  0]LogD3D11RHI:       4065/0/6094 MB DedicatedVideo/DedicatedSystem/SharedSystem, Outputs:2, VendorId:0x10de
[2021.11.11-22.56.43:938][  0]LogD3D11RHI:    1. 'Intel(R) HD Graphics 620' (Feature Level 11_0)
[2021.11.11-22.56.43:938][  0]LogD3D11RHI:       128/0/6094 MB DedicatedVideo/DedicatedSystem/SharedSystem, Outputs:0, VendorId:0x8086
[2021.11.11-22.56.43:941][  0]LogD3D11RHI:    2. 'Microsoft Basic Render Driver' (Feature Level 11_0)
[2021.11.11-22.56.43:941][  0]LogD3D11RHI:       0/0/6094 MB DedicatedVideo/DedicatedSystem/SharedSystem, Outputs:0, VendorId:0x1414
[2021.11.11-22.56.43:941][  0]LogD3D11RHI: Chosen D3D11 Adapter:
[2021.11.11-22.56.43:941][  0]LogD3D11RHI:     Description : NVIDIA GeForce 940MX
[2021.11.11-22.56.43:941][  0]LogD3D11RHI:     VendorId    : 10de
[2021.11.11-22.56.43:941][  0]LogD3D11RHI:     DeviceId    : 134d
[2021.11.11-22.56.43:941][  0]LogD3D11RHI:     SubSysId    : 39f117aa
[2021.11.11-22.56.43:941][  0]LogD3D11RHI:     Revision    : 00a2
[2021.11.11-22.56.43:941][  0]LogD3D11RHI:     DedicatedVideoMemory : 4263378944 bytes
[2021.11.11-22.56.43:941][  0]LogD3D11RHI:     DedicatedSystemMemory : 0 bytes
[2021.11.11-22.56.43:941][  0]LogD3D11RHI:     SharedSystemMemory : 6390138880 bytes
[2021.11.11-22.56.43:941][  0]LogD3D11RHI:     AdapterLuid : 0 61443
[2021.11.11-22.56.43:947][  0]LogD3D11RHI: Creating new Direct3DDevice
[2021.11.11-22.56.43:947][  0]LogD3D11RHI:     GPU DeviceId: 0x134d (for the marketing name, search the web for "GPU Device Id")
[2021.11.11-22.56.43:947][  0]LogWindows: EnumDisplayDevices:
[2021.11.11-22.56.43:947][  0]LogWindows:    0. 'Intel(R) HD Graphics 620' (P:0 D:1)
[2021.11.11-22.56.43:947][  0]LogWindows:    1. 'Intel(R) HD Graphics 620' (P:1 D:1)
[2021.11.11-22.56.43:947][  0]LogWindows:    2. 'Intel(R) HD Graphics 620' (P:0 D:0)
[2021.11.11-22.56.43:948][  0]LogWindows: DebugString: PrimaryIsNotTheChoosenAdapter PrimaryIsNotTheChoosenAdapter PrimaryIsNotTheChoosenAdapter FoundDriverCount:0 
[2021.11.11-22.56.43:948][  0]LogD3D11RHI:     Adapter Name: NVIDIA GeForce 940MX
[2021.11.11-22.56.43:948][  0]LogD3D11RHI:   Driver Version: Unknown (internal:Unknown, unified:Unknown)
[2021.11.11-22.56.43:948][  0]LogD3D11RHI:      Driver Date: Unknown
[2021.11.11-22.56.43:948][  0]LogRHI: Texture pool is 2846 MB (70% of 4065 MB)
[2021.11.11-22.56.43:948][  0]LogD3D11RHI: Creating D3DDevice using adapter:
[2021.11.11-22.56.43:948][  0]LogD3D11RHI:     Description : NVIDIA GeForce 940MX
[2021.11.11-22.56.43:948][  0]LogD3D11RHI:     VendorId    : 10de
[2021.11.11-22.56.43:948][  0]LogD3D11RHI:     DeviceId    : 134d
[2021.11.11-22.56.43:948][  0]LogD3D11RHI:     SubSysId    : 39f117aa
[2021.11.11-22.56.43:948][  0]LogD3D11RHI:     Revision    : 00a2
[2021.11.11-22.56.43:948][  0]LogD3D11RHI:     DedicatedVideoMemory : 4263378944 bytes
[2021.11.11-22.56.43:948][  0]LogD3D11RHI:     DedicatedSystemMemory : 0 bytes
[2021.11.11-22.56.43:948][  0]LogD3D11RHI:     SharedSystemMemory : 6390138880 bytes
[2021.11.11-22.56.43:948][  0]LogD3D11RHI:     AdapterLuid : 0 61443
[2021.11.11-22.56.43:980][  0]LogD3D11RHI: RHI does not have support for 64 bit atomics
[2021.11.11-22.56.43:980][  0]LogD3D11RHI: Async texture creation enabled
[2021.11.11-22.56.44:000][  0]LogD3D11RHI: GPU Timing Frequency: 1000.000000 (Debug: 2 2)
[2021.11.11-22.56.44:045][  0]LogRHI: GeForceNow SDK initialized: 1
[2021.11.11-22.56.44:419][  0]LogTargetPlatformManager: Display: Loaded TargetPlatform 'AllDesktop'
[2021.11.11-22.56.44:442][  0]LogTargetPlatformManager: Display: Loaded TargetPlatform 'Android'
[2021.11.11-22.56.44:442][  0]LogTargetPlatformManager: Display: Loaded TargetPlatform 'Android_ASTC'
[2021.11.11-22.56.44:442][  0]LogTargetPlatformManager: Display: Loaded TargetPlatform 'Android_DXT'
[2021.11.11-22.56.44:442][  0]LogTargetPlatformManager: Display: Loaded TargetPlatform 'Android_ETC2'
[2021.11.11-22.56.44:442][  0]LogTargetPlatformManager: Display: Loaded TargetPlatform 'AndroidClient'
[2021.11.11-22.56.44:443][  0]LogTargetPlatformManager: Display: Loaded TargetPlatform 'Android_ASTCClient'
[2021.11.11-22.56.44:443][  0]LogTargetPlatformManager: Display: Loaded TargetPlatform 'Android_DXTClient'
[2021.11.11-22.56.44:443][  0]LogTargetPlatformManager: Display: Loaded TargetPlatform 'Android_ETC2Client'
[2021.11.11-22.56.44:443][  0]LogTargetPlatformManager: Display: Loaded TargetPlatform 'Android_Multi'
[2021.11.11-22.56.44:443][  0]LogTargetPlatformManager: Display: Loaded TargetPlatform 'Android_MultiClient'
[2021.11.11-22.56.44:462][  0]LogTargetPlatformManager: Display: Loaded TargetPlatform 'IOSClient'
[2021.11.11-22.56.44:462][  0]LogTargetPlatformManager: Display: Loaded TargetPlatform 'IOS'
[2021.11.11-22.56.44:473][  0]LogTargetPlatformManager: Display: Loaded TargetPlatform 'Linux'
[2021.11.11-22.56.44:478][  0]LogTargetPlatformManager: Display: Loaded TargetPlatform 'LinuxNoEditor'
[2021.11.11-22.56.44:483][  0]LogTargetPlatformManager: Display: Loaded TargetPlatform 'LinuxClient'
[2021.11.11-22.56.44:488][  0]LogTargetPlatformManager: Display: Loaded TargetPlatform 'LinuxServer'
[2021.11.11-22.56.44:498][  0]LogTargetPlatformManager: Display: Loaded TargetPlatform 'LinuxAArch64NoEditor'
[2021.11.11-22.56.44:503][  0]LogTargetPlatformManager: Display: Loaded TargetPlatform 'LinuxAArch64Client'
[2021.11.11-22.56.44:508][  0]LogTargetPlatformManager: Display: Loaded TargetPlatform 'LinuxAArch64Server'
[2021.11.11-22.56.44:533][  0]LogTargetPlatformManager: Display: Loaded TargetPlatform 'Lumin'
[2021.11.11-22.56.44:533][  0]LogTargetPlatformManager: Display: Loaded TargetPlatform 'LuminClient'
[2021.11.11-22.56.44:542][  0]LogTargetPlatformManager: Display: Loaded TargetPlatform 'MacNoEditor'
[2021.11.11-22.56.44:546][  0]LogTargetPlatformManager: Display: Loaded TargetPlatform 'Mac'
[2021.11.11-22.56.44:551][  0]LogTargetPlatformManager: Display: Loaded TargetPlatform 'MacClient'
[2021.11.11-22.56.44:556][  0]LogTargetPlatformManager: Display: Loaded TargetPlatform 'MacServer'
[2021.11.11-22.56.44:567][  0]LogTargetPlatformManager: Display: Loaded TargetPlatform 'TVOSClient'
[2021.11.11-22.56.44:567][  0]LogTargetPlatformManager: Display: Loaded TargetPlatform 'TVOS'
[2021.11.11-22.56.44:576][  0]LogTargetPlatformManager: Display: Loaded TargetPlatform 'WindowsNoEditor'
[2021.11.11-22.56.44:581][  0]LogTargetPlatformManager: Display: Loaded TargetPlatform 'Windows'
[2021.11.11-22.56.44:586][  0]LogTargetPlatformManager: Display: Loaded TargetPlatform 'WindowsClient'
[2021.11.11-22.56.44:591][  0]LogTargetPlatformManager: Display: Loaded TargetPlatform 'WindowsServer'
[2021.11.11-22.56.44:591][  0]LogTargetPlatformManager: Display: Building Assets For Windows
[2021.11.11-22.56.44:599][  0]LogAudioDebug: Display: Lib vorbis DLL was dynamically loaded.
[2021.11.11-22.56.44:633][  0]LogTextureFormatOodle: Display: Oodle Texture 2.9.0 init RDO Off
[2021.11.11-22.56.44:667][  0]LogRendererCore: Ray tracing is disabled. Reason: r.RayTracing=0.
[2021.11.11-22.56.44:667][  0]LogShaderCompilers: Guid format shader working directory is 13 characters bigger than the processId version (../../../../../DAT-Project/EXPVR/Intermediate/Shaders/WorkingDirectory/12520/).
[2021.11.11-22.56.44:667][  0]LogShaderCompilers: Cleaned the shader compiler working directory 'C:/Users/perkk/AppData/Local/Temp/UnrealShaderWorkingDir/6FEF505540C13FD71926D4A136E9369A/'.
[2021.11.11-22.56.44:667][  0]LogXGEController: Cannot use XGE Controller as Incredibuild is not installed on this machine.
[2021.11.11-22.56.44:667][  0]LogShaderCompilers: Cannot use XGE Shader Compiler as Incredibuild is not installed on this machine.
[2021.11.11-22.56.44:667][  0]LogShaderCompilers: Display: Using Local Shader Compiler.
[2021.11.11-22.56.45:466][  0]LogDerivedDataCache: Display: Max Cache Size: 512 MB
[2021.11.11-22.56.45:535][  0]LogDerivedDataCache: Loaded boot cache 0.07s 95MB C:/Users/perkk/AppData/Local/UnrealEngine/4.27/DerivedDataCache/Boot.ddc.
[2021.11.11-22.56.45:535][  0]LogDerivedDataCache: Display: Loaded Boot cache: C:/Users/perkk/AppData/Local/UnrealEngine/4.27/DerivedDataCache/Boot.ddc
[2021.11.11-22.56.45:535][  0]LogDerivedDataCache: FDerivedDataBackendGraph:  Pak pak cache file ../../../../../DAT-Project/EXPVR/DerivedDataCache/DDC.ddp not found, will not use a pak cache.
[2021.11.11-22.56.45:535][  0]LogDerivedDataCache: Unable to find inner node Pak for hierarchical cache Hierarchy.
[2021.11.11-22.56.45:535][  0]LogDerivedDataCache: FDerivedDataBackendGraph:  CompressedPak pak cache file ../../../../../DAT-Project/EXPVR/DerivedDataCache/Compressed.ddp not found, will not use a pak cache.
[2021.11.11-22.56.45:535][  0]LogDerivedDataCache: Unable to find inner node CompressedPak for hierarchical cache Hierarchy.
[2021.11.11-22.56.45:555][  0]LogDerivedDataCache: Display: Pak cache opened for reading ../../../Engine/DerivedDataCache/Compressed.ddp.
[2021.11.11-22.56.45:555][  0]LogDerivedDataCache: FDerivedDataBackendGraph:  EnterprisePak pak cache file ../../../Enterprise/DerivedDataCache/Compressed.ddp not found, will not use a pak cache.
[2021.11.11-22.56.45:555][  0]LogDerivedDataCache: Unable to find inner node EnterprisePak for hierarchical cache Hierarchy.
[2021.11.11-22.56.45:562][  0]LogDerivedDataCache: Speed tests for C:/Users/perkk/AppData/Local/UnrealEngine/Common/DerivedDataCache took 0.01 seconds
[2021.11.11-22.56.45:562][  0]LogDerivedDataCache: Display: Performance to C:/Users/perkk/AppData/Local/UnrealEngine/Common/DerivedDataCache: Latency=0.02ms. RandomReadSpeed=1465.92MBs, RandomWriteSpeed=170.04MBs. Assigned SpeedClass 'Local'
[2021.11.11-22.56.45:563][  0]LogDerivedDataCache: Using Local data cache path C:/Users/perkk/AppData/Local/UnrealEngine/Common/DerivedDataCache: Writable
[2021.11.11-22.56.45:563][  0]LogDerivedDataCache: Shared data cache path not found in *engine.ini, will not use an Shared cache.
[2021.11.11-22.56.45:563][  0]LogDerivedDataCache: Unable to find inner node Shared for hierarchical cache Hierarchy.
[2021.11.11-22.56.45:621][  0]LogSlate: Using FreeType 2.10.0
[2021.11.11-22.56.45:621][  0]LogSlate: SlateFontServices - WITH_FREETYPE: 1, WITH_HARFBUZZ: 1
[2021.11.11-22.56.45:652][  0]LogAssetRegistry: FAssetRegistry took 0.0031 seconds to start up
[2021.11.11-22.56.45:953][  0]LogInit: Selected Device Profile: [Windows]
[2021.11.11-22.56.45:953][  0]LogInit: Active device profile: [00000260C5C21200][00000260C38E18C0 49] Windows
[2021.11.11-22.56.45:953][  0]LogInit: Profiles: [00000260C5C21200][00000260C38E18C0 49] Windows, [00000260C5BD7000][00000260C4AA9A40 49] WindowsNoEditor, [00000260C5C22300][00000260C4AADBC0 49] WindowsServer, [00000260C5BD7D00][00000260C21C01C0 49] WindowsClient, [00000260C5C22F00][00000260C21C4340 49] IOS, [00000260C5BD6A00][00000260C21C84C0 49] iPadAir, [00000260C5C22600][00000260C21CC640 49] iPadAir2, [00000260C5B85A00][00000260C21D4900 49] IPadPro, [00000260C5B85B00][00000260C21D0940 49] iPadAir3, [00000260C5BD5A00][00000260C4AA4A80 49] iPadAir4, [00000260C5B86900][00000260C21D8BC0 49] iPadMini2, [00000260C5BD7B00][00000260C21DCD00 49] iPadMini3, [00000260C5B87500][00000260C21E4E80 49] iPadMini4, [00000260C5BD6400][00000260C21E9000 49] iPadMini5, [00000260C5BB5300][00000260C21F12C0 49] iPhone6, [00000260C5BB5400][00000260C21ED300 49] iPodTouch6, [00000260C5C22900][00000260C4D955C0 49] iPhone7, [00000260C5C21400][00000260C21F5600 49] iPodTouch7, [00000260C5B84F00][00000260C4D99780 49] iPhone5S, [00000260C5C21B00][00000260C4D9D900 49] iPhone6Plus, [00000260C5B87D00][00000260C4DA1A80 49] iPhone6S, [00000260C5C21F00][00000260C4DA5C00 49] iPhone6SPlus, [00000260C5B84C00][00000260C4DA8200 49] iPhone7Plus, [00000260C5C20E00][00000260C4DAC380 49] iPhoneSE, [00000260C5B85900][00000260C4DB0500 49] iPhone8, [00000260C5B87A00][00000260C4DB4680 49] iPhone8Plus, [00000260C5BB4B00][00000260C4DB8800 49] iPhoneX, [00000260C5B87400][00000260C4DBC980 49] iPhoneXS, [00000260C5BB7C00][00000260C4DC0B00 49] iPhoneXSMax, [00000260C5B84300][00000260C21E0C40 49] iPhoneXR, [00000260C5BB7900][00000260C4DC4D80 49] iPhone11, [00000260C5B85D00][00000260C4DC8EC0 49] iPhone11Pro, [00000260C5BB6A00][00000260C4DD1040 49] iPhone11ProMax, [00000260C5B86C00][00000260C4DD51C0 49] iPhoneSE2, [00000260C5BB4A00][00000260C4DD9340 49] iPhone12Mini, [00000260C5C21000][00000260C4DDD4C0 49] iPhone12, [00000260C5BB4D00][00000260C2425640 49] iPhone12Pro, [00000260C5C20100][00000260C24297C0 49] iPhone12ProMax, [00000260C5BB4800][00000260C242D940 49] iPadPro105, [00000260C5C21600][00000260C2431AC0 49] iPadPro129, [00000260C5BB6E00][00000260C24340C0 49] iPadPro97, [00000260C5C20400][00000260C2438240 49] iPadPro2_129, [00000260C5BB5F00][00000260C243C3C0 49] iPad5, [00000260C5C23100][00000260C2440540 49] iPad6, [00000260C5BB6B00][00000260C24446C0 49] iPad7, [00000260C5C23600][00000260C2448840 49] iPad8, [00000260C5BB6600][00000260C244C9C0 49] iPadPro11, [00000260C5C21A00][00000260C2450B40 49] iPadPro2_11, [00000260C5BB4500][00000260C2454CC0 49] iPadPro3_129, [00000260C5C23B00][00000260C4DCCE00 49] iPadPro4_129, [00000260C5BB6C00][00000260C2458F40 49] AppleTV, [00000260C5C22800][00000260C245D080 49] AppleTV4K, [00000260C5BB7400][00000260C24611C0 49] TVOS, [00000260C5C20500][00000260C2469340 49] Mac, [00000260C5BB6F00][00000260C246D4C0 49] MacClient, [00000260C5C23900][00000260C3643640 49] MacNoEditor, [00000260C5BB7100][00000260C36477C0 49] MacServer, [00000260C5C23400][00000260C364B940 49] Linux, [00000260C5BB5B00][00000260C364FAC0 49] LinuxAArch64, [00000260C5C23200][00000260C36520C0 49] LinuxNoEditor, [00000260C5BB6800][00000260C3656240 49] LinuxAArch64NoEditor, [00000260C5C23700][00000260C365A3C0 49] LinuxClient, [00000260C5BB5100][00000260C365E540 49] LinuxAArch64Client, [00000260C5C23D00][00000260C36626C0 49] LinuxServer, [00000260C5BB7500][00000260C3666840 49] LinuxAArch64Server, [00000260C5C21D00][00000260C366A9C0 49] Android, [00000260C5BB5000][00000260C366EB40 49] Android_Low, [00000260C5C22E00][00000260C3672CC0 49] Android_Mid, [00000260C5BB5E00][00000260C3676E40 49] Android_High, [00000260C5C22400][00000260C2464F80 49] Android_Default, [00000260C5BB7800][00000260C367B0C0 49] Android_Adreno4xx, [00000260C5C20200][00000260C367F200 49] Android_Adreno5xx_Low, [00000260C5BB7200][00000260C3683340 49] Android_Adreno5xx, [00000260C5C20800][00000260C368B4C0 49] Android_Adreno6xx, [00000260C5BB6900][00000260C368F640 49] Android_Adreno6xx_Vulkan, [00000260C5C20F00][00000260C36937C0 49] Android_Mali_T6xx, [00000260C5BB6000][00000260C3697940 49] Android_Mali_T7xx, [00000260C5C21800][00000260C369BAC0 49] Android_Mali_T8xx, [00000260C5BB6D00][00000260B98EA0C0 49] Android_Mali_G71, [00000260C5C21500][00000260B98EE240 49] Android_Mali_G72, [00000260C5BB7600][00000260B98F23C0 49] Android_Mali_G72_Vulkan, [00000260C5C22500][00000260B98F6540 49] Android_Mali_G76, [00000260C5BD6500][00000260B98FA6C0 49] Android_Mali_G76_Vulkan, [00000260C5B85000][00000260B98FE840 49] Android_Mali_G77, [00000260C5BD5300][00000260B99029C0 49] Android_Mali_G77_Vulkan, [00000260C5B86200][00000260B9906B40 49] Android_Mali_G78, [00000260C5BD6B00][00000260B990ACC0 49] Android_Mali_G78_Vulkan, [00000260C5B85200][00000260B990EE40 49] Android_Mali_G710, [00000260C5BD5600][00000260B9912FC0 49] Android_Mali_G710_Vulkan, [00000260C5B84400][00000260B9917140 49] Android_Vulkan_SM5, [00000260C5BD7700][00000260C3687280 49] Android_PowerVR_G6xxx, [00000260C5B87600][00000260B991B3C0 49] Android_PowerVR_GT7xxx, [00000260C5BD6600][00000260B991F500 49] Android_PowerVR_GE8xxx, [00000260C5B87100][00000260B9927680 49] Android_PowerVR_GM9xxx, [00000260C5BD4700][00000260B992B800 49] Android_PowerVR_GM9xxx_Vulkan, [00000260C5B85C00][00000260B992F980 49] Android_TegraK1, [00000260C5BD7C00][00000260B9933B00 49] Android_Unknown_Vulkan, [00000260C5B84600][00000260B9936100 49] Lumin, [00000260C5BD6700][00000260B993A280 49] Lumin_Desktop, [00000260C5B84500][00000260B993E400 49] HoloLens, 
[2021.11.11-22.56.46:105][  0]LogMeshReduction: Using QuadricMeshReduction for automatic static mesh reduction
[2021.11.11-22.56.46:105][  0]LogMeshReduction: Using SimplygonMeshReduction for automatic skeletal mesh reduction
[2021.11.11-22.56.46:105][  0]LogMeshReduction: Using ProxyLODMeshReduction for automatic mesh merging
[2021.11.11-22.56.46:105][  0]LogMeshReduction: No distributed automatic mesh merging module available
[2021.11.11-22.56.46:105][  0]LogMeshMerging: No distributed automatic mesh merging module available
[2021.11.11-22.56.46:124][  0]LogNetVersion: EXPVR 1.0.0, NetCL: 17155196, EngineNetVer: 17, GameNetVer: 0 (Checksum: 3398417609)
[2021.11.11-22.56.46:633][  0]LogTexture: Default maximum texture size for cubemaps generated from long-lat sources has been changed from 512 to unlimited. In order to preserve old behaiour for '/Engine/MapTemplates/Sky/DaylightAmbientCubemap.DaylightAmbientCubemap', its maximum texture size has been explicitly set to 512.
[2021.11.11-22.56.46:722][  0]LogHMD: PokeAHoleMaterial loaded successfully
[2021.11.11-22.56.46:729][  0]LogUObjectArray: 17983 objects as part of root set at end of initial load.
[2021.11.11-22.56.46:729][  0]LogUObjectAllocator: 4627808 out of 0 bytes used by permanent object pool.
[2021.11.11-22.56.46:729][  0]LogUObjectArray: CloseDisregardForGC: 0/0 objects in disregard for GC pool
[2021.11.11-22.56.47:074][  0]LogPython: Using Python 3.7.7
[2021.11.11-22.56.47:808][  0]LogNiagaraDebuggerClient: Niagara Debugger Client Initialized | Session: A07090414C846BF73DC710B541463930 | Instance: 573120B243251B84995AEE827C0F9E2B (PERKK-12520).
[2021.11.11-22.56.47:990][  0]LogImageWrapper: Warning: PNG Warning: Duplicate iCCP chunk
[2021.11.11-22.56.47:990][  0]LogImageWrapper: Warning: PNG Warning: Duplicate iCCP chunk
[2021.11.11-22.56.47:990][  0]LogTcpMessaging: Initializing TcpMessaging bridge
[2021.11.11-22.56.48:003][  0]LogUdpMessaging: Initializing bridge on interface 0.0.0.0:0 to multicast group 230.0.0.1:6666.
[2021.11.11-22.56.48:264][  0]SourceControl: Source control is disabled
[2021.11.11-22.56.48:264][  0]SourceControl: Source control is disabled
[2021.11.11-22.56.48:268][  0]SourceControl: Source control is disabled
[2021.11.11-22.56.48:272][  0]SourceControl: Source control is disabled
[2021.11.11-22.56.48:294][  0]SourceControl: Source control is disabled
[2021.11.11-22.56.48:308][  0]LogUProjectInfo: Found projects:
[2021.11.11-22.56.48:315][  0]LogVSAccessor: Display: Unable to create Visual Studio setup instance: 80040154
[2021.11.11-22.56.48:315][  0]LogVSAccessor: Display: Unable to create Visual Studio setup instance: 80040154
[2021.11.11-22.56.48:316][  0]LogVSAccessor: Display: Unable to create Visual Studio setup instance: 80040154
[2021.11.11-22.56.48:611][  0]LogOpenImageDenoise: OIDN starting up
[2021.11.11-22.56.48:672][  0]LogAndroidPermission: UAndroidPermissionCallbackProxy::GetInstance
[2021.11.11-22.56.48:707][  0]LogAudioCaptureCore: Display: No Audio Capture implementations found. Audio input will be silent.
[2021.11.11-22.56.48:707][  0]LogAudioCaptureCore: Display: No Audio Capture implementations found. Audio input will be silent.
[2021.11.11-22.56.48:878][  0]LogCollectionManager: Loaded 0 collections in 0.000782 seconds
[2021.11.11-22.56.48:913][  0]LogFileCache: Scanning file cache for directory 'D:/DAT-Project/EXPVR/Saved/Collections/' took 0.00s
[2021.11.11-22.56.48:913][  0]LogFileCache: Scanning file cache for directory 'D:/DAT-Project/EXPVR/Content/Developers/perkk/Collections/' took 0.00s
[2021.11.11-22.56.48:913][  0]LogFileCache: Scanning file cache for directory 'D:/DAT-Project/EXPVR/Content/Collections/' took 0.00s
[2021.11.11-22.56.48:913][  0]LogOcInput: OculusInput pre-init called
[2021.11.11-22.56.49:222][  0]LogImageWrapper: Warning: PNG Warning: Duplicate iCCP chunk
[2021.11.11-22.56.49:222][  0]LogImageWrapper: Warning: PNG Warning: Duplicate iCCP chunk
[2021.11.11-22.56.49:494][  0]LogImageWrapper: Warning: PNG Warning: Duplicate iCCP chunk
[2021.11.11-22.56.49:494][  0]LogImageWrapper: Warning: PNG Warning: Duplicate iCCP chunk
[2021.11.11-22.56.49:832][  0]LogImageWrapper: Warning: PNG Warning: Duplicate iCCP chunk
[2021.11.11-22.56.49:832][  0]LogImageWrapper: Warning: PNG Warning: Duplicate iCCP chunk
[2021.11.11-22.56.49:832][  0]LogClass: Display: Int8Property FMTSJson::version is not initialized properly. Module:MegascansPlugin File:Private/Utilities/MTSReader.h
[2021.11.11-22.56.49:832][  0]LogClass: Display: Int16Property FMTSJson::resolutionValue is not initialized properly. Module:MegascansPlugin File:Private/Utilities/MTSReader.h
[2021.11.11-22.56.49:832][  0]LogClass: Display: BoolProperty FMTSJson::isExternal is not initialized properly. Module:MegascansPlugin File:Private/Utilities/MTSReader.h
[2021.11.11-22.56.49:832][  0]LogClass: Display: Int8Property FMTSJson::meshVersion is not initialized properly. Module:MegascansPlugin File:Private/Utilities/MTSReader.h
[2021.11.11-22.56.49:832][  0]LogClass: Display: BoolProperty FMTSJson::isCustom is not initialized properly. Module:MegascansPlugin File:Private/Utilities/MTSReader.h
[2021.11.11-22.56.49:832][  0]LogClass: Display: BoolProperty FMTSJson::isModularAsset is not initialized properly. Module:MegascansPlugin File:Private/Utilities/MTSReader.h
[2021.11.11-22.56.49:832][  0]LogClass: Display: Int8Property FLodList::variation is not initialized properly. Module:MegascansPlugin File:Private/Utilities/MTSReader.h
[2021.11.11-22.56.49:832][  0]LogClass: Display: Int16Property FMeshList::resolution is not initialized properly. Module:MegascansPlugin File:Private/Utilities/MTSReader.h
[2021.11.11-22.56.49:832][  0]LogClass: Display: Int16Property FComponents::resolution is not initialized properly. Module:MegascansPlugin File:Private/Utilities/MTSReader.h
[2021.11.11-22.56.49:832][  0]LogClass: Display: BoolProperty FTextureSets::isUdim is not initialized properly. Module:MegascansPlugin File:Private/Utilities/MTSReader.h
[2021.11.11-22.56.49:832][  0]LogClass: Display: BoolProperty FMeta::value is not initialized properly. Module:MegascansPlugin File:Private/Utilities/MTSReader.h
[2021.11.11-22.56.49:832][  0]LogClass: Display: 11 Uninitialized script struct members found including 0 object properties
[2021.11.11-22.56.49:833][  0]LogAutomationTest: Warning: PNG Warning: Duplicate iCCP chunk
[2021.11.11-22.56.49:833][  0]LogAutomationTest: Warning: PNG Warning: Duplicate iCCP chunk
[2021.11.11-22.56.49:834][  0]LogEngine: Initializing Engine...
[2021.11.11-22.56.49:837][  0]LogHMD: Failed to enumerate extensions. Please check that you have a valid OpenXR runtime installed.
[2021.11.11-22.56.49:837][  0]LogHMD: Failed to initialize OpenVR with code 110
[2021.11.11-22.56.49:837][  0]LogMagicLeap: Warning: VR disabled because ZI is not enabled.  To enable, in the editor, Edit -> Project Settings -> Plugins -> Magic Leap Plugin -> Enable Zero Iteration
[2021.11.11-22.56.49:838][  0]LogStats: UGameplayTagsManager::InitializeManager -  0.000 s
[2021.11.11-22.56.49:989][  0]LogInit: Initializing FReadOnlyCVARCache
[2021.11.11-22.56.50:003][  0]LogAIModule: Creating AISystem for world Untitled
[2021.11.11-22.56.50:022][  0]LogAudio: Display: Initializing Audio Device Manager...
[2021.11.11-22.56.50:028][  0]LogAudio: Display: Loading Default Audio Settings Objects...
[2021.11.11-22.56.50:029][  0]LogAudio: Display: No default SoundConcurrencyObject specified (or failed to load).
[2021.11.11-22.56.50:029][  0]LogAudio: Display: Audio Device Manager Initialized
[2021.11.11-22.56.50:029][  0]LogAudio: Display: Creating Audio Device:                 Id: 1, Scope: Shared, Realtime: True
[2021.11.11-22.56.50:029][  0]LogAudioMixer: Display: Audio Mixer Platform Settings:
[2021.11.11-22.56.50:029][  0]LogAudioMixer: Display: 	Sample Rate:						  48000
[2021.11.11-22.56.50:029][  0]LogAudioMixer: Display: 	Callback Buffer Frame Size Requested: 1024
[2021.11.11-22.56.50:029][  0]LogAudioMixer: Display: 	Callback Buffer Frame Size To Use:	  1024
[2021.11.11-22.56.50:029][  0]LogAudioMixer: Display: 	Number of buffers to queue:			  2
[2021.11.11-22.56.50:029][  0]LogAudioMixer: Display: 	Max Channels (voices):				  32
[2021.11.11-22.56.50:029][  0]LogAudioMixer: Display: 	Number of Async Source Workers:		  0
[2021.11.11-22.56.50:029][  0]LogAudio: Display: AudioDevice MaxSources: 32
[2021.11.11-22.56.50:030][  0]LogAudio: Display: Audio Spatialization Plugin: None (built-in).
[2021.11.11-22.56.50:030][  0]LogAudio: Display: Audio Reverb Plugin: None (built-in).
[2021.11.11-22.56.50:030][  0]LogAudio: Display: Audio Occlusion Plugin: None (built-in).
[2021.11.11-22.56.50:030][  0]LogAudioMixer: Display: Initializing audio mixer.
[2021.11.11-22.56.50:045][  0]LogAudioMixer: Display: 0: FrontLeft
[2021.11.11-22.56.50:045][  0]LogAudioMixer: Display: 1: FrontRight
[2021.11.11-22.56.50:077][  0]LogAudioMixer: Display: Using Audio Device Speakers (2- High Definition Audio Device)
[2021.11.11-22.56.50:081][  0]LogAudioMixer: Display: Initializing Sound Submixes...
[2021.11.11-22.56.50:083][  0]LogAudioMixer: Display: Creating Master Submix 'MasterSubmixDefault'
[2021.11.11-22.56.50:083][  0]LogAudioMixer: Display: Creating Master Submix 'MasterReverbSubmixDefault'
[2021.11.11-22.56.50:085][  0]LogAudioMixer: Display: Creating Master Submix 'MasterEQSubmixDefault'
[2021.11.11-22.56.50:085][  0]LogAudioMixer: FMixerPlatformXAudio2::StartAudioStream() called
[2021.11.11-22.56.50:085][  0]LogAudioMixer: Display: Output buffers initialized: Frames=1024, Channels=2, Samples=2048
[2021.11.11-22.56.50:086][  0]LogAudioMixer: Display: Starting AudioMixerPlatformInterface::RunInternal()
[2021.11.11-22.56.50:086][  0]LogAudioMixer: Display: FMixerPlatformXAudio2::SubmitBuffer() called for the first time
[2021.11.11-22.56.50:086][  0]LogInit: FAudioDevice initialized.
[2021.11.11-22.56.50:086][  0]LogAudio: Display: Audio Device (ID: 1) registered with world 'Untitled'.
[2021.11.11-22.56.50:086][  0]LogNetVersion: Set ProjectVersion to 1.0.0.0. Version Checksum will be recalculated on next use.
[2021.11.11-22.56.50:174][  0]LogDerivedDataCache: Saved boot cache 0.09s 95MB C:/Users/perkk/AppData/Local/UnrealEngine/4.27/DerivedDataCache/Boot.ddc.
[2021.11.11-22.56.50:175][  0]LogInit: Texture streaming: Enabled
[2021.11.11-22.56.50:196][  0]LogAnalytics: Display: [UEEditor.Rocket.Release] APIServer = https://datarouter.ol.epicgames.com/. AppVersion = 4.27.1-17735300+++UE4+Release-4.27
[2021.11.11-22.56.50:200][  0]LogEngineSessionManager: EngineSessionManager initialized
[2021.11.11-22.56.50:200][  0]LogEditorSessionSummary: Verbose: Initializing EditorSessionSummaryWriter for editor session tracking
[2021.11.11-22.56.50:202][  0]LogEditorSessionSummary: EditorSessionSummaryWriter initialized
[2021.11.11-22.56.50:229][  0]LogInit: Transaction tracking system initialized
[2021.11.11-22.56.50:261][  0]BlueprintLog: New page: Editor Load
[2021.11.11-22.56.50:338][  0]LocalizationService: Localization service is disabled
[2021.11.11-22.56.50:366][  0]TimingProfiler: Initialize
[2021.11.11-22.56.50:366][  0]TimingProfiler: OnSessionChanged
[2021.11.11-22.56.50:366][  0]LoadingProfiler: Initialize
[2021.11.11-22.56.50:366][  0]LoadingProfiler: OnSessionChanged
[2021.11.11-22.56.50:366][  0]NetworkingProfiler: Initialize
[2021.11.11-22.56.50:366][  0]NetworkingProfiler: OnSessionChanged
[2021.11.11-22.56.50:366][  0]MemoryProfiler: Initialize
[2021.11.11-22.56.50:366][  0]MemoryProfiler: OnSessionChanged
[2021.11.11-22.56.50:432][  0]LogVSAccessor: Display: Unable to create Visual Studio setup instance: 80040154
[2021.11.11-22.56.50:433][  0]LogVSAccessor: Display: Unable to create Visual Studio setup instance: 80040154
[2021.11.11-22.56.50:434][  0]LogVSAccessor: Display: Unable to create Visual Studio setup instance: 80040154
[2021.11.11-22.56.50:562][  0]LogCook: Display: CookSettings for Memory: MemoryMaxUsedVirtual 0MiB, MemoryMaxUsedPhysical 16384MiB, MemoryMinFreeVirtual 0MiB, MemoryMinFreePhysical 1024MiB
[2021.11.11-22.56.50:562][  0]LogCook: Display: Mobile HDR setting 1
[2021.11.11-22.56.50:855][  0]LogFileCache: Scanning file cache for directory 'D:/DAT-Project/EXPVR/Content/' took 0.01s
[2021.11.11-22.56.51:095][  0]LogImageWrapper: Warning: PNG Warning: Duplicate iCCP chunk
[2021.11.11-22.56.51:095][  0]LogImageWrapper: Warning: PNG Warning: Duplicate iCCP chunk
[2021.11.11-22.56.51:181][  0]LogInit: Display: Engine is initialized. Leaving FEngineLoop::Init()
[2021.11.11-22.56.51:186][  0]SourceControl: Source control is disabled
[2021.11.11-22.56.51:186][  0]LogUnrealEdMisc: Loading editor; pre map load, took 10.180
[2021.11.11-22.56.51:186][  0]Cmd: MAP LOAD FILE="../../../../../DAT-Project/EXPVR/Content/StarterContent/Maps/Minimal_Default.umap" TEMPLATE=0 SHOWPROGRESS=1 FEATURELEVEL=3
[2021.11.11-22.56.51:186][  0]LightingResults: New page: Lighting Build
[2021.11.11-22.56.51:188][  0]LogWorld: UWorld::CleanupWorld for Untitled, bSessionEnded=true, bCleanupResources=true
[2021.11.11-22.56.51:188][  0]LogSlate: InvalidateAllWidgets triggered.  All widgets were invalidated
[2021.11.11-22.56.51:189][  0]MapCheck: New page: Map Check
[2021.11.11-22.56.51:189][  0]LightingResults: New page: Lighting Build
[2021.11.11-22.56.51:197][  0]LogAudio: Display: Audio Device unregistered from world 'None'.
[2021.11.11-22.56.51:201][  0]LogUObjectHash: Compacting FUObjectHashTables data took   0.98ms
[2021.11.11-22.56.51:327][  0]LogTexture: Display: Building textures: DeprecatedTextureD6C57B644F03DADF4F2699848FAEA3C3 (BGRA8, 128X128)
[2021.11.11-22.56.51:334][  0]LogTexture: Display: Building textures: DeprecatedTexture8D91C9AE4C6B8D628CDA3C848426284A (BGRA8, 128X128)
[2021.11.11-22.56.51:361][  0]LogAudio: Display: Audio Device (ID: 1) registered with world 'Minimal_Default'.
[2021.11.11-22.56.51:362][  0]LogAIModule: Creating AISystem for world Minimal_Default
[2021.11.11-22.56.51:369][  0]LogEditorServer: Finished looking for orphan Actors (0.000 secs)
[2021.11.11-22.56.51:378][  0]LogUObjectHash: Compacting FUObjectHashTables data took   1.00ms
[2021.11.11-22.56.51:378][  0]Cmd: MAP CHECKDEP NOCLEARLOG
[2021.11.11-22.56.51:378][  0]MapCheck: Map check complete: 0 Error(s), 0 Warning(s), took 0.105ms to complete.
[2021.11.11-22.56.51:378][  0]LogFileHelpers: Loading map 'Minimal_Default' took 0.193
[2021.11.11-22.56.51:380][  0]LogUnrealEdMisc: Total Editor Startup Time, took 10.375
[2021.11.11-22.56.51:509][  0]LogSlate: Updating window title bar state: overlay mode, drag disabled, window buttons hidden, title bar hidden
[2021.11.11-22.56.51:516][  0]LogSlate: Updating window title bar state: overlay mode, drag disabled, window buttons hidden, title bar hidden
[2021.11.11-22.56.51:524][  0]LogSlate: Updating window title bar state: overlay mode, drag disabled, window buttons hidden, title bar hidden
[2021.11.11-22.56.51:531][  0]LogSlate: Updating window title bar state: overlay mode, drag disabled, window buttons hidden, title bar hidden
[2021.11.11-22.56.51:546][  0]LogNativeClassHierarchy: Verbose: Native class hierarchy populated in 0.0107 seconds. Added 3891 classes and 947 folders.
[2021.11.11-22.56.51:549][  0]LogNativeClassHierarchy: Verbose: Native class hierarchy updated for 'WidgetCarousel' in 0.0004 seconds. Added 0 classes and 0 folders.
[2021.11.11-22.56.51:550][  0]LogPakFile: PakFile PrimaryIndexSize=187
[2021.11.11-22.56.51:550][  0]LogPakFile: PakFile PathHashIndexSize=101
[2021.11.11-22.56.51:550][  0]LogPakFile: PakFile FullDirectoryIndexSize=148
[2021.11.11-22.56.51:550][  0]LogShaderLibrary: Display: ShaderCodeLibraryPakFileMountedCallback: PakFile 'D:/Installed Softwares/UE_4.27/FeaturePacks/FP_FirstPerson.upack' (chunk index -1, root 'root:/') mounted
[2021.11.11-22.56.51:550][  0]LogShaderLibrary: Display: ShaderCodeLibraryPakFileMountedCallback: pending pak file info (ChunkID:-1 Root:root:/ File:D:/Installed Softwares/UE_4.27/FeaturePacks/FP_FirstPerson.upack)
[2021.11.11-22.56.51:550][  0]LogPakFile: OnPakFileMounted2Time == 0.000069
[2021.11.11-22.56.51:551][  0]LogPakFile: PakFile PrimaryIndexSize=189
[2021.11.11-22.56.51:551][  0]LogPakFile: PakFile PathHashIndexSize=101
[2021.11.11-22.56.51:551][  0]LogPakFile: PakFile FullDirectoryIndexSize=152
[2021.11.11-22.56.51:551][  0]LogShaderLibrary: Display: ShaderCodeLibraryPakFileMountedCallback: PakFile 'D:/Installed Softwares/UE_4.27/FeaturePacks/FP_FirstPersonBP.upack' (chunk index -1, root 'root:/') mounted
[2021.11.11-22.56.51:551][  0]LogShaderLibrary: Display: ShaderCodeLibraryPakFileMountedCallback: pending pak file info (ChunkID:-1 Root:root:/ File:D:/Installed Softwares/UE_4.27/FeaturePacks/FP_FirstPersonBP.upack)
[2021.11.11-22.56.51:551][  0]LogPakFile: OnPakFileMounted2Time == 0.000043
[2021.11.11-22.56.51:552][  0]LogPakFile: PakFile PrimaryIndexSize=191
[2021.11.11-22.56.51:552][  0]LogPakFile: PakFile PathHashIndexSize=101
[2021.11.11-22.56.51:552][  0]LogPakFile: PakFile FullDirectoryIndexSize=160
[2021.11.11-22.56.51:552][  0]LogShaderLibrary: Display: ShaderCodeLibraryPakFileMountedCallback: PakFile 'D:/Installed Softwares/UE_4.27/FeaturePacks/MobileStarterContent.upack' (chunk index -1, root 'root:/') mounted
[2021.11.11-22.56.51:552][  0]LogShaderLibrary: Display: ShaderCodeLibraryPakFileMountedCallback: pending pak file info (ChunkID:-1 Root:root:/ File:D:/Installed Softwares/UE_4.27/FeaturePacks/MobileStarterContent.upack)
[2021.11.11-22.56.51:552][  0]LogPakFile: OnPakFileMounted2Time == 0.000039
[2021.11.11-22.56.51:552][  0]LogPakFile: PakFile PrimaryIndexSize=185
[2021.11.11-22.56.51:552][  0]LogPakFile: PakFile PathHashIndexSize=101
[2021.11.11-22.56.51:552][  0]LogPakFile: PakFile FullDirectoryIndexSize=148
[2021.11.11-22.56.51:552][  0]LogShaderLibrary: Display: ShaderCodeLibraryPakFileMountedCallback: PakFile 'D:/Installed Softwares/UE_4.27/FeaturePacks/StarterContent.upack' (chunk index -1, root 'root:/') mounted
[2021.11.11-22.56.51:552][  0]LogShaderLibrary: Display: ShaderCodeLibraryPakFileMountedCallback: pending pak file info (ChunkID:-1 Root:root:/ File:D:/Installed Softwares/UE_4.27/FeaturePacks/StarterContent.upack)
[2021.11.11-22.56.51:552][  0]LogPakFile: OnPakFileMounted2Time == 0.000038
[2021.11.11-22.56.51:553][  0]LogPakFile: PakFile PrimaryIndexSize=190
[2021.11.11-22.56.51:553][  0]LogPakFile: PakFile PathHashIndexSize=101
[2021.11.11-22.56.51:553][  0]LogPakFile: PakFile FullDirectoryIndexSize=154
[2021.11.11-22.56.51:553][  0]LogShaderLibrary: Display: ShaderCodeLibraryPakFileMountedCallback: PakFile 'D:/Installed Softwares/UE_4.27/FeaturePacks/TP_2DSideScroller.upack' (chunk index -1, root 'root:/') mounted
[2021.11.11-22.56.51:553][  0]LogShaderLibrary: Display: ShaderCodeLibraryPakFileMountedCallback: pending pak file info (ChunkID:-1 Root:root:/ File:D:/Installed Softwares/UE_4.27/FeaturePacks/TP_2DSideScroller.upack)
[2021.11.11-22.56.51:553][  0]LogPakFile: OnPakFileMounted2Time == 0.000036
[2021.11.11-22.56.51:553][  0]LogPakFile: PakFile PrimaryIndexSize=192
[2021.11.11-22.56.51:553][  0]LogPakFile: PakFile PathHashIndexSize=101
[2021.11.11-22.56.51:553][  0]LogPakFile: PakFile FullDirectoryIndexSize=158
[2021.11.11-22.56.51:553][  0]LogShaderLibrary: Display: ShaderCodeLibraryPakFileMountedCallback: PakFile 'D:/Installed Softwares/UE_4.27/FeaturePacks/TP_2DSideScrollerBP.upack' (chunk index -1, root 'root:/') mounted
[2021.11.11-22.56.51:553][  0]LogShaderLibrary: Display: ShaderCodeLibraryPakFileMountedCallback: pending pak file info (ChunkID:-1 Root:root:/ File:D:/Installed Softwares/UE_4.27/FeaturePacks/TP_2DSideScrollerBP.upack)
[2021.11.11-22.56.51:553][  0]LogPakFile: OnPakFileMounted2Time == 0.000036
[2021.11.11-22.56.51:554][  0]LogPakFile: PakFile PrimaryIndexSize=182
[2021.11.11-22.56.51:554][  0]LogPakFile: PakFile PathHashIndexSize=101
[2021.11.11-22.56.51:554][  0]LogPakFile: PakFile FullDirectoryIndexSize=138
[2021.11.11-22.56.51:554][  0]LogShaderLibrary: Display: ShaderCodeLibraryPakFileMountedCallback: PakFile 'D:/Installed Softwares/UE_4.27/FeaturePacks/TP_Flying.upack' (chunk index -1, root 'root:/') mounted
[2021.11.11-22.56.51:554][  0]LogShaderLibrary: Display: ShaderCodeLibraryPakFileMountedCallback: pending pak file info (ChunkID:-1 Root:root:/ File:D:/Installed Softwares/UE_4.27/FeaturePacks/TP_Flying.upack)
[2021.11.11-22.56.51:554][  0]LogPakFile: OnPakFileMounted2Time == 0.000035
[2021.11.11-22.56.51:554][  0]LogPakFile: PakFile PrimaryIndexSize=184
[2021.11.11-22.56.51:554][  0]LogPakFile: PakFile PathHashIndexSize=101
[2021.11.11-22.56.51:554][  0]LogPakFile: PakFile FullDirectoryIndexSize=142
[2021.11.11-22.56.51:554][  0]LogShaderLibrary: Display: ShaderCodeLibraryPakFileMountedCallback: PakFile 'D:/Installed Softwares/UE_4.27/FeaturePacks/TP_FlyingBP.upack' (chunk index -1, root 'root:/') mounted
[2021.11.11-22.56.51:554][  0]LogShaderLibrary: Display: ShaderCodeLibraryPakFileMountedCallback: pending pak file info (ChunkID:-1 Root:root:/ File:D:/Installed Softwares/UE_4.27/FeaturePacks/TP_FlyingBP.upack)
[2021.11.11-22.56.51:554][  0]LogPakFile: OnPakFileMounted2Time == 0.000035
[2021.11.11-22.56.51:554][  0]LogPakFile: PakFile PrimaryIndexSize=188
[2021.11.11-22.56.51:555][  0]LogPakFile: PakFile PathHashIndexSize=101
[2021.11.11-22.56.51:555][  0]LogPakFile: PakFile FullDirectoryIndexSize=150
[2021.11.11-22.56.51:555][  0]LogShaderLibrary: Display: ShaderCodeLibraryPakFileMountedCallback: PakFile 'D:/Installed Softwares/UE_4.27/FeaturePacks/TP_HandheldARBP.upack' (chunk index -1, root 'root:/') mounted
[2021.11.11-22.56.51:555][  0]LogShaderLibrary: Display: ShaderCodeLibraryPakFileMountedCallback: pending pak file info (ChunkID:-1 Root:root:/ File:D:/Installed Softwares/UE_4.27/FeaturePacks/TP_HandheldARBP.upack)
[2021.11.11-22.56.51:555][  0]LogPakFile: OnPakFileMounted2Time == 0.000036
[2021.11.11-22.56.51:555][  0]LogPakFile: PakFile PrimaryIndexSize=182
[2021.11.11-22.56.51:555][  0]LogPakFile: PakFile PathHashIndexSize=101
[2021.11.11-22.56.51:555][  0]LogPakFile: PakFile FullDirectoryIndexSize=138
[2021.11.11-22.56.51:555][  0]LogShaderLibrary: Display: ShaderCodeLibraryPakFileMountedCallback: PakFile 'D:/Installed Softwares/UE_4.27/FeaturePacks/TP_Puzzle.upack' (chunk index -1, root 'root:/') mounted
[2021.11.11-22.56.51:555][  0]LogShaderLibrary: Display: ShaderCodeLibraryPakFileMountedCallback: pending pak file info (ChunkID:-1 Root:root:/ File:D:/Installed Softwares/UE_4.27/FeaturePacks/TP_Puzzle.upack)
[2021.11.11-22.56.51:555][  0]LogPakFile: OnPakFileMounted2Time == 0.000036
[2021.11.11-22.56.51:556][  0]LogPakFile: PakFile PrimaryIndexSize=184
[2021.11.11-22.56.51:556][  0]LogPakFile: PakFile PathHashIndexSize=101
[2021.11.11-22.56.51:556][  0]LogPakFile: PakFile FullDirectoryIndexSize=142
[2021.11.11-22.56.51:556][  0]LogShaderLibrary: Display: ShaderCodeLibraryPakFileMountedCallback: PakFile 'D:/Installed Softwares/UE_4.27/FeaturePacks/TP_PuzzleBP.upack' (chunk index -1, root 'root:/') mounted
[2021.11.11-22.56.51:556][  0]LogShaderLibrary: Display: ShaderCodeLibraryPakFileMountedCallback: pending pak file info (ChunkID:-1 Root:root:/ File:D:/Installed Softwares/UE_4.27/FeaturePacks/TP_PuzzleBP.upack)
[2021.11.11-22.56.51:556][  0]LogPakFile: OnPakFileMounted2Time == 0.000035
[2021.11.11-22.56.51:556][  0]LogPakFile: PakFile PrimaryIndexSize=183
[2021.11.11-22.56.51:556][  0]LogPakFile: PakFile PathHashIndexSize=101
[2021.11.11-22.56.51:556][  0]LogPakFile: PakFile FullDirectoryIndexSize=140
[2021.11.11-22.56.51:556][  0]LogShaderLibrary: Display: ShaderCodeLibraryPakFileMountedCallback: PakFile 'D:/Installed Softwares/UE_4.27/FeaturePacks/TP_Rolling.upack' (chunk index -1, root 'root:/') mounted
[2021.11.11-22.56.51:556][  0]LogShaderLibrary: Display: ShaderCodeLibraryPakFileMountedCallback: pending pak file info (ChunkID:-1 Root:root:/ File:D:/Installed Softwares/UE_4.27/FeaturePacks/TP_Rolling.upack)
[2021.11.11-22.56.51:556][  0]LogPakFile: OnPakFileMounted2Time == 0.000045
[2021.11.11-22.56.51:557][  0]LogPakFile: PakFile PrimaryIndexSize=185
[2021.11.11-22.56.51:557][  0]LogPakFile: PakFile PathHashIndexSize=101
[2021.11.11-22.56.51:557][  0]LogPakFile: PakFile FullDirectoryIndexSize=144
[2021.11.11-22.56.51:557][  0]LogShaderLibrary: Display: ShaderCodeLibraryPakFileMountedCallback: PakFile 'D:/Installed Softwares/UE_4.27/FeaturePacks/TP_RollingBP.upack' (chunk index -1, root 'root:/') mounted
[2021.11.11-22.56.51:557][  0]LogShaderLibrary: Display: ShaderCodeLibraryPakFileMountedCallback: pending pak file info (ChunkID:-1 Root:root:/ File:D:/Installed Softwares/UE_4.27/FeaturePacks/TP_RollingBP.upack)
[2021.11.11-22.56.51:557][  0]LogPakFile: OnPakFileMounted2Time == 0.000035
[2021.11.11-22.56.51:557][  0]LogPakFile: PakFile PrimaryIndexSize=188
[2021.11.11-22.56.51:557][  0]LogPakFile: PakFile PathHashIndexSize=101
[2021.11.11-22.56.51:557][  0]LogPakFile: PakFile FullDirectoryIndexSize=150
[2021.11.11-22.56.51:557][  0]LogShaderLibrary: Display: ShaderCodeLibraryPakFileMountedCallback: PakFile 'D:/Installed Softwares/UE_4.27/FeaturePacks/TP_SideScroller.upack' (chunk index -1, root 'root:/') mounted
[2021.11.11-22.56.51:557][  0]LogShaderLibrary: Display: ShaderCodeLibraryPakFileMountedCallback: pending pak file info (ChunkID:-1 Root:root:/ File:D:/Installed Softwares/UE_4.27/FeaturePacks/TP_SideScroller.upack)
[2021.11.11-22.56.51:557][  0]LogPakFile: OnPakFileMounted2Time == 0.000035
[2021.11.11-22.56.51:558][  0]LogPakFile: PakFile PrimaryIndexSize=190
[2021.11.11-22.56.51:558][  0]LogPakFile: PakFile PathHashIndexSize=101
[2021.11.11-22.56.51:558][  0]LogPakFile: PakFile FullDirectoryIndexSize=154
[2021.11.11-22.56.51:558][  0]LogShaderLibrary: Display: ShaderCodeLibraryPakFileMountedCallback: PakFile 'D:/Installed Softwares/UE_4.27/FeaturePacks/TP_SideScrollerBP.upack' (chunk index -1, root 'root:/') mounted
[2021.11.11-22.56.51:558][  0]LogShaderLibrary: Display: ShaderCodeLibraryPakFileMountedCallback: pending pak file info (ChunkID:-1 Root:root:/ File:D:/Installed Softwares/UE_4.27/FeaturePacks/TP_SideScrollerBP.upack)
[2021.11.11-22.56.51:558][  0]LogPakFile: OnPakFileMounted2Time == 0.000036
[2021.11.11-22.56.51:558][  0]LogPakFile: PakFile PrimaryIndexSize=187
[2021.11.11-22.56.51:558][  0]LogPakFile: PakFile PathHashIndexSize=101
[2021.11.11-22.56.51:558][  0]LogPakFile: PakFile FullDirectoryIndexSize=148
[2021.11.11-22.56.51:558][  0]LogShaderLibrary: Display: ShaderCodeLibraryPakFileMountedCallback: PakFile 'D:/Installed Softwares/UE_4.27/FeaturePacks/TP_ThirdPerson.upack' (chunk index -1, root 'root:/') mounted
[2021.11.11-22.56.51:558][  0]LogShaderLibrary: Display: ShaderCodeLibraryPakFileMountedCallback: pending pak file info (ChunkID:-1 Root:root:/ File:D:/Installed Softwares/UE_4.27/FeaturePacks/TP_ThirdPerson.upack)
[2021.11.11-22.56.51:558][  0]LogPakFile: OnPakFileMounted2Time == 0.000035
[2021.11.11-22.56.51:559][  0]LogPakFile: PakFile PrimaryIndexSize=189
[2021.11.11-22.56.51:559][  0]LogPakFile: PakFile PathHashIndexSize=101
[2021.11.11-22.56.51:559][  0]LogPakFile: PakFile FullDirectoryIndexSize=152
[2021.11.11-22.56.51:559][  0]LogShaderLibrary: Display: ShaderCodeLibraryPakFileMountedCallback: PakFile 'D:/Installed Softwares/UE_4.27/FeaturePacks/TP_ThirdPersonBP.upack' (chunk index -1, root 'root:/') mounted
[2021.11.11-22.56.51:559][  0]LogShaderLibrary: Display: ShaderCodeLibraryPakFileMountedCallback: pending pak file info (ChunkID:-1 Root:root:/ File:D:/Installed Softwares/UE_4.27/FeaturePacks/TP_ThirdPersonBP.upack)
[2021.11.11-22.56.51:559][  0]LogPakFile: OnPakFileMounted2Time == 0.000035
[2021.11.11-22.56.51:559][  0]LogPakFile: PakFile PrimaryIndexSize=183
[2021.11.11-22.56.51:559][  0]LogPakFile: PakFile PathHashIndexSize=101
[2021.11.11-22.56.51:559][  0]LogPakFile: PakFile FullDirectoryIndexSize=140
[2021.11.11-22.56.51:559][  0]LogShaderLibrary: Display: ShaderCodeLibraryPakFileMountedCallback: PakFile 'D:/Installed Softwares/UE_4.27/FeaturePacks/TP_TopDown.upack' (chunk index -1, root 'root:/') mounted
[2021.11.11-22.56.51:559][  0]LogShaderLibrary: Display: ShaderCodeLibraryPakFileMountedCallback: pending pak file info (ChunkID:-1 Root:root:/ File:D:/Installed Softwares/UE_4.27/FeaturePacks/TP_TopDown.upack)
[2021.11.11-22.56.51:559][  0]LogPakFile: OnPakFileMounted2Time == 0.000046
[2021.11.11-22.56.51:560][  0]LogPakFile: PakFile PrimaryIndexSize=185
[2021.11.11-22.56.51:560][  0]LogPakFile: PakFile PathHashIndexSize=101
[2021.11.11-22.56.51:560][  0]LogPakFile: PakFile FullDirectoryIndexSize=144
[2021.11.11-22.56.51:560][  0]LogShaderLibrary: Display: ShaderCodeLibraryPakFileMountedCallback: PakFile 'D:/Installed Softwares/UE_4.27/FeaturePacks/TP_TopDownBP.upack' (chunk index -1, root 'root:/') mounted
[2021.11.11-22.56.51:560][  0]LogShaderLibrary: Display: ShaderCodeLibraryPakFileMountedCallback: pending pak file info (ChunkID:-1 Root:root:/ File:D:/Installed Softwares/UE_4.27/FeaturePacks/TP_TopDownBP.upack)
[2021.11.11-22.56.51:560][  0]LogPakFile: OnPakFileMounted2Time == 0.000036
[2021.11.11-22.56.51:560][  0]LogPakFile: PakFile PrimaryIndexSize=185
[2021.11.11-22.56.51:560][  0]LogPakFile: PakFile PathHashIndexSize=101
[2021.11.11-22.56.51:560][  0]LogPakFile: PakFile FullDirectoryIndexSize=144
[2021.11.11-22.56.51:560][  0]LogShaderLibrary: Display: ShaderCodeLibraryPakFileMountedCallback: PakFile 'D:/Installed Softwares/UE_4.27/FeaturePacks/TP_TwinStick.upack' (chunk index -1, root 'root:/') mounted
[2021.11.11-22.56.51:560][  0]LogShaderLibrary: Display: ShaderCodeLibraryPakFileMountedCallback: pending pak file info (ChunkID:-1 Root:root:/ File:D:/Installed Softwares/UE_4.27/FeaturePacks/TP_TwinStick.upack)
[2021.11.11-22.56.51:560][  0]LogPakFile: OnPakFileMounted2Time == 0.000035
[2021.11.11-22.56.51:560][  0]LogPakFile: PakFile PrimaryIndexSize=187
[2021.11.11-22.56.51:561][  0]LogPakFile: PakFile PathHashIndexSize=101
[2021.11.11-22.56.51:561][  0]LogPakFile: PakFile FullDirectoryIndexSize=148
[2021.11.11-22.56.51:561][  0]LogShaderLibrary: Display: ShaderCodeLibraryPakFileMountedCallback: PakFile 'D:/Installed Softwares/UE_4.27/FeaturePacks/TP_TwinStickBP.upack' (chunk index -1, root 'root:/') mounted
[2021.11.11-22.56.51:561][  0]LogShaderLibrary: Display: ShaderCodeLibraryPakFileMountedCallback: pending pak file info (ChunkID:-1 Root:root:/ File:D:/Installed Softwares/UE_4.27/FeaturePacks/TP_TwinStickBP.upack)
[2021.11.11-22.56.51:561][  0]LogPakFile: OnPakFileMounted2Time == 0.000038
[2021.11.11-22.56.51:561][  0]LogPakFile: PakFile PrimaryIndexSize=183
[2021.11.11-22.56.51:561][  0]LogPakFile: PakFile PathHashIndexSize=101
[2021.11.11-22.56.51:561][  0]LogPakFile: PakFile FullDirectoryIndexSize=140
[2021.11.11-22.56.51:561][  0]LogShaderLibrary: Display: ShaderCodeLibraryPakFileMountedCallback: PakFile 'D:/Installed Softwares/UE_4.27/FeaturePacks/TP_Vehicle.upack' (chunk index -1, root 'root:/') mounted
[2021.11.11-22.56.51:561][  0]LogShaderLibrary: Display: ShaderCodeLibraryPakFileMountedCallback: pending pak file info (ChunkID:-1 Root:root:/ File:D:/Installed Softwares/UE_4.27/FeaturePacks/TP_Vehicle.upack)
[2021.11.11-22.56.51:561][  0]LogPakFile: OnPakFileMounted2Time == 0.000038
[2021.11.11-22.56.51:561][  0]LogPakFile: PakFile PrimaryIndexSize=186
[2021.11.11-22.56.51:561][  0]LogPakFile: PakFile PathHashIndexSize=101
[2021.11.11-22.56.51:561][  0]LogPakFile: PakFile FullDirectoryIndexSize=146
[2021.11.11-22.56.51:562][  0]LogShaderLibrary: Display: ShaderCodeLibraryPakFileMountedCallback: PakFile 'D:/Installed Softwares/UE_4.27/FeaturePacks/TP_VehicleAdv.upack' (chunk index -1, root 'root:/') mounted
[2021.11.11-22.56.51:562][  0]LogShaderLibrary: Display: ShaderCodeLibraryPakFileMountedCallback: pending pak file info (ChunkID:-1 Root:root:/ File:D:/Installed Softwares/UE_4.27/FeaturePacks/TP_VehicleAdv.upack)
[2021.11.11-22.56.51:562][  0]LogPakFile: OnPakFileMounted2Time == 0.000044
[2021.11.11-22.56.51:562][  0]LogPakFile: PakFile PrimaryIndexSize=188
[2021.11.11-22.56.51:562][  0]LogPakFile: PakFile PathHashIndexSize=101
[2021.11.11-22.56.51:562][  0]LogPakFile: PakFile FullDirectoryIndexSize=150
[2021.11.11-22.56.51:562][  0]LogShaderLibrary: Display: ShaderCodeLibraryPakFileMountedCallback: PakFile 'D:/Installed Softwares/UE_4.27/FeaturePacks/TP_VehicleAdvBP.upack' (chunk index -1, root 'root:/') mounted
[2021.11.11-22.56.51:562][  0]LogShaderLibrary: Display: ShaderCodeLibraryPakFileMountedCallback: pending pak file info (ChunkID:-1 Root:root:/ File:D:/Installed Softwares/UE_4.27/FeaturePacks/TP_VehicleAdvBP.upack)
[2021.11.11-22.56.51:562][  0]LogPakFile: OnPakFileMounted2Time == 0.000036
[2021.11.11-22.56.51:562][  0]LogPakFile: PakFile PrimaryIndexSize=185
[2021.11.11-22.56.51:563][  0]LogPakFile: PakFile PathHashIndexSize=101
[2021.11.11-22.56.51:563][  0]LogPakFile: PakFile FullDirectoryIndexSize=144
[2021.11.11-22.56.51:563][  0]LogShaderLibrary: Display: ShaderCodeLibraryPakFileMountedCallback: PakFile 'D:/Installed Softwares/UE_4.27/FeaturePacks/TP_VehicleBP.upack' (chunk index -1, root 'root:/') mounted
[2021.11.11-22.56.51:563][  0]LogShaderLibrary: Display: ShaderCodeLibraryPakFileMountedCallback: pending pak file info (ChunkID:-1 Root:root:/ File:D:/Installed Softwares/UE_4.27/FeaturePacks/TP_VehicleBP.upack)
[2021.11.11-22.56.51:563][  0]LogPakFile: OnPakFileMounted2Time == 0.000036
[2021.11.11-22.56.51:563][  0]LogPakFile: PakFile PrimaryIndexSize=192
[2021.11.11-22.56.51:563][  0]LogPakFile: PakFile PathHashIndexSize=101
[2021.11.11-22.56.51:563][  0]LogPakFile: PakFile FullDirectoryIndexSize=158
[2021.11.11-22.56.51:563][  0]LogShaderLibrary: Display: ShaderCodeLibraryPakFileMountedCallback: PakFile 'D:/Installed Softwares/UE_4.27/FeaturePacks/TP_VirtualRealityBP.upack' (chunk index -1, root 'root:/') mounted
[2021.11.11-22.56.51:563][  0]LogShaderLibrary: Display: ShaderCodeLibraryPakFileMountedCallback: pending pak file info (ChunkID:-1 Root:root:/ File:D:/Installed Softwares/UE_4.27/FeaturePacks/TP_VirtualRealityBP.upack)
[2021.11.11-22.56.51:563][  0]LogPakFile: OnPakFileMounted2Time == 0.000037
[2021.11.11-22.56.51:600][  0]LogNativeClassHierarchy: Verbose: Native class hierarchy updated for 'AddContentDialog' in 0.0003 seconds. Added 0 classes and 0 folders.
[2021.11.11-22.56.51:601][  0]LogNativeClassHierarchy: Verbose: Native class hierarchy updated for 'SceneOutliner' in 0.0003 seconds. Added 2 classes and 0 folders.
[2021.11.11-22.56.51:781][  0]LogSlate: Took 0.000193 seconds to synchronously load lazily loaded font '../../../Engine/Content/Slate/Fonts/Roboto-Regular.ttf' (155K)
[2021.11.11-22.56.51:782][  0]LogSlate: Took 0.000168 seconds to synchronously load lazily loaded font '../../../Engine/Content/Editor/Slate/Fonts/FontAwesome.ttf' (139K)
[2021.11.11-22.56.51:784][  0]LogSlate: Took 0.000259 seconds to synchronously load lazily loaded font '../../../Engine/Content/Slate/Fonts/Roboto-Bold.ttf' (160K)
[2021.11.11-22.56.51:922][  0]LogRenderer: Reallocating scene render targets to support 1108x632 Format 10 NumSamples 1 (Frame:1).
[2021.11.11-22.56.52:063][  0]LogNativeClassHierarchy: Verbose: Native class hierarchy updated for 'HierarchicalLODOutliner' in 0.0003 seconds. Added 0 classes and 0 folders.
[2021.11.11-22.56.52:063][  0]LogLoad: (Engine Initialization) Total time: 11.06 seconds
[2021.11.11-22.56.52:063][  0]LogLoad: (Engine Initialization) Total Blueprint compile time: 0.00 seconds
[2021.11.11-22.56.52:139][  0]LogContentStreaming: Texture pool size now 1000 MB
[2021.11.11-22.56.52:168][  1]LogAssetRegistry: Asset discovery search completed in 6.5168 seconds
[2021.11.11-22.56.52:175][  1]LogCollectionManager: Fixed up redirectors for 0 collections in 0.000004 seconds (updated 0 objects)
[2021.11.11-22.56.52:426][  3]LogSlate: Took 0.000468 seconds to synchronously load lazily loaded font '../../../Engine/Content/Slate/Fonts/Roboto-Light.ttf' (167K)
[2021.11.11-22.56.55:238][136]LogSlate: Window 'Plugins' being destroyed
[2021.11.11-22.56.55:258][136]LogSlate: Window 'Plugins' being destroyed
[2021.11.11-22.56.55:258][136]LogDirectoryWatcher: A directory notification for '../../../Engine/Plugins/' was aborted.
[2021.11.11-22.56.59:532][346]LogUObjectHash: Compacting FUObjectHashTables data took   1.65ms
[2021.11.11-22.56.59:535][346]Cmd: MAP LOAD FILE="../../../../../DAT-Project/EXPVR/Content/EXVR_P.umap" TEMPLATE=0 SHOWPROGRESS=1 FEATURELEVEL=3
[2021.11.11-22.56.59:543][346]LogSlate: Took 0.000169 seconds to synchronously load lazily loaded font '../../../Engine/Content/Slate/Fonts/Roboto-Light.ttf' (167K)
[2021.11.11-22.56.59:569][346]LightingResults: New page: Lighting Build
[2021.11.11-22.56.59:569][346]LoadErrors: New page: Loading map: EXVR_P.umap
[2021.11.11-22.56.59:574][346]LogWorld: UWorld::CleanupWorld for Minimal_Default, bSessionEnded=true, bCleanupResources=true
[2021.11.11-22.56.59:574][346]LogSlate: InvalidateAllWidgets triggered.  All widgets were invalidated
[2021.11.11-22.56.59:574][346]MapCheck: New page: Map Check
[2021.11.11-22.56.59:574][346]LightingResults: New page: Lighting Build
[2021.11.11-22.56.59:582][346]LogAudio: Display: Audio Device unregistered from world 'None'.
[2021.11.11-22.56.59:585][346]LogUObjectHash: Compacting FUObjectHashTables data took   1.31ms
[2021.11.11-22.57.00:175][346]LogLinker: Warning: Asset '../../../../../DAT-Project/EXPVR/Content/MSPresets/MSTextures/Metalness.uasset' has been saved with empty engine version. The asset will be loaded but may be incompatible.
[2021.11.11-22.57.01:185][346]LogAudio: Display: Audio Device (ID: 1) registered with world 'EXVR_P'.
[2021.11.11-22.57.01:187][346]LogAIModule: Creating AISystem for world EXVR_P
[2021.11.11-22.57.01:689][346]LogEditorServer: Finished looking for orphan Actors (0.000 secs)
[2021.11.11-22.57.01:755][346]LogUObjectHash: Compacting FUObjectHashTables data took   1.54ms
[2021.11.11-22.57.01:775][346]Cmd: MAP CHECKDEP NOCLEARLOG
[2021.11.11-22.57.01:775][346]MapCheck: Map check complete: 0 Error(s), 0 Warning(s), took 0.148ms to complete.
[2021.11.11-22.57.01:775][346]LogFileHelpers: Loading map 'EXVR_P' took 2.240
[2021.11.11-22.57.01:776][346]LogSlate: Window 'Open Level' being destroyed
[2021.11.11-22.57.06:235][384]LogEditorViewport: Clicking on Actor (LMB): Landscape (Landscape1)
[2021.11.11-22.57.44:148][648]Cmd: OBJ SAVEPACKAGE PACKAGE="/Game/EXVR_P" FILE="../../../../../DAT-Project/EXPVR/Content/EXVR_P.umap" SILENT=true AUTOSAVING=false KEEPDIRTY=false
[2021.11.11-22.57.44:184][648]LogUObjectHash: Compacting FUObjectHashTables data took   1.51ms
[2021.11.11-22.57.49:111][648]LogSavePackage: Moving '../../../../../DAT-Project/EXPVR/Saved/EXVR_PD554D08947CB7B4865E0858A2AB16025.tmp' to '../../../../../DAT-Project/EXPVR/Content/EXVR_P.umap'
[2021.11.11-22.57.50:714][648]Cmd: OBJ SAVEPACKAGE PACKAGE="/Game/EXVR_P_BuiltData" FILE="../../../../../DAT-Project/EXPVR/Content/EXVR_P_BuiltData.uasset" SILENT=true
[2021.11.11-22.57.52:451][648]LogSavePackage: Moving '../../../../../DAT-Project/EXPVR/Saved/EXVR_P_BuiltData9BA0AC8248D455457D2452B48693F0BB.tmp' to '../../../../../DAT-Project/EXPVR/Content/EXVR_P_BuiltData.uasset'
[2021.11.11-22.57.53:367][648]AssetCheck: New page: Asset Save: multiple assets
[2021.11.11-22.57.53:367][648]LogContentValidation: Display: Validating MapBuildDataRegistry /Game/EXVR_P_BuiltData.EXVR_P_BuiltData
[2021.11.11-22.57.53:367][648]LogContentValidation: Display: Validating World /Game/EXVR_P.EXVR_P
[2021.11.11-22.57.57:023][793]Cmd: OBJ SAVEPACKAGE PACKAGE="/Game/EXVR_P" FILE="../../../../../DAT-Project/EXPVR/Content/EXVR_P.umap" SILENT=true AUTOSAVING=false KEEPDIRTY=false
[2021.11.11-22.57.57:038][793]LogUObjectHash: Compacting FUObjectHashTables data took   1.34ms
[2021.11.11-22.57.59:772][793]LogSavePackage: Moving '../../../../../DAT-Project/EXPVR/Saved/EXVR_PD547918A4D5B8C275ED9CFA56A424D14.tmp' to '../../../../../DAT-Project/EXPVR/Content/EXVR_P.umap'
[2021.11.11-22.57.59:783][793]Cmd: OBJ SAVEPACKAGE PACKAGE="/Game/EXVR_P_BuiltData" FILE="../../../../../DAT-Project/EXPVR/Content/EXVR_P_BuiltData.uasset" SILENT=true
[2021.11.11-22.58.01:072][793]LogSavePackage: Moving '../../../../../DAT-Project/EXPVR/Saved/EXVR_P_BuiltData9312BB254EB371D484164382DDB2E486.tmp' to '../../../../../DAT-Project/EXPVR/Content/EXVR_P_BuiltData.uasset'
[2021.11.11-22.58.01:098][793]AssetCheck: New page: Asset Save: multiple assets
[2021.11.11-22.58.01:098][793]LogContentValidation: Display: Validating MapBuildDataRegistry /Game/EXVR_P_BuiltData.EXVR_P_BuiltData
[2021.11.11-22.58.01:098][793]LogContentValidation: Display: Validating World /Game/EXVR_P.EXVR_P
[2021.11.11-22.58.42:764][150]LogUObjectHash: Compacting FUObjectHashTables data took   1.22ms
[2021.11.11-22.58.50:529][526]Cmd: OBJ SAVEPACKAGE PACKAGE="/Game/EXVR_P" FILE="../../../../../DAT-Project/EXPVR/Content/EXVR_P.umap" SILENT=true AUTOSAVING=false KEEPDIRTY=false
[2021.11.11-22.58.50:543][526]LogUObjectHash: Compacting FUObjectHashTables data took   1.11ms
[2021.11.11-22.58.53:181][526]LogSavePackage: Moving '../../../../../DAT-Project/EXPVR/Saved/EXVR_P02EA326741DB2D72443806904E9923D0.tmp' to '../../../../../DAT-Project/EXPVR/Content/EXVR_P.umap'
[2021.11.11-22.58.53:204][526]Cmd: OBJ SAVEPACKAGE PACKAGE="/Game/EXVR_P_BuiltData" FILE="../../../../../DAT-Project/EXPVR/Content/EXVR_P_BuiltData.uasset" SILENT=true
[2021.11.11-22.58.54:276][526]LogSavePackage: Moving '../../../../../DAT-Project/EXPVR/Saved/EXVR_P_BuiltData57D4CE3E482A2CCAC7A8D397709C8966.tmp' to '../../../../../DAT-Project/EXPVR/Content/EXVR_P_BuiltData.uasset'
[2021.11.11-22.58.54:304][526]AssetCheck: New page: Asset Save: multiple assets
[2021.11.11-22.58.54:304][526]LogContentValidation: Display: Validating MapBuildDataRegistry /Game/EXVR_P_BuiltData.EXVR_P_BuiltData
[2021.11.11-22.58.54:304][526]LogContentValidation: Display: Validating World /Game/EXVR_P.EXVR_P
